<?xml version="1.0" encoding="utf-8"?>
<TestRun id="5c2670e6-76cb-4951-98d6-1aec0f4593c9" name="marvijo@MARVIJO 2025-07-15 18:43:01" runUser="MARVIJO\marvijo" xmlns="http://microsoft.com/schemas/VisualStudio/TeamTest/2010">
  <Times creation="2025-07-15T18:43:01.9932356+02:00" queuing="2025-07-15T18:43:01.9932362+02:00" start="2025-07-15T18:43:01.0295161+02:00" finish="2025-07-15T18:43:02.0188742+02:00" />
  <TestSettings name="default" id="ebeceb73-548d-49ca-95f7-851da0fcefd0">
    <Deployment runDeploymentRoot="marvijo_MARVIJO_2025-07-15_18_43_01" />
  </TestSettings>
  <Results>
    <UnitTestResult executionId="996c5d8e-5653-463b-a4b9-95bb49ea8c72" testId="85725c7d-c8bf-ba5c-8953-6327a65c617e" testName="Game State 12: StaticHeuro Must Move Down" computerName="MARVIJO" duration="00:00:00.0438764" startTime="2025-07-15T18:43:01.9423116+02:00" endTime="2025-07-15T18:43:01.9423117+02:00" testType="13cdc9d9-ddb5-4fa4-a97d-d965ccfc6d4b" outcome="Passed" testListId="8c84fa94-04c1-424b-9868-57a2d4851a1d" relativeResultsDirectory="996c5d8e-5653-463b-a4b9-95bb49ea8c72">
      <Output>
        <StdOut>Heuristics instance created with 54 heuristics.&#xD;
Heuristics instance created with 56 heuristics.&#xD;
Loading game state from: c:\dev\2025-Zooscape\FunctionalTests\GameStates\12.json&#xD;
JSON content length: 72899 characters&#xD;
Successfully loaded game state with 4 animals and 2601 cells&#xD;
Bot ID "ab517dd7-c254-4877-81e3-e6ed426c0dd6" not found in game state, using first animal&#xD;
===== Evaluating Potential Moves for Bot "8b287b0b-eb55-496d-bde4-6ccc4a66e8ae" on tick 12 ====&#xD;
ZookeeperCooldown: ZookeeperCooldownRecalcInterval is zero. Skipping cooldown bonus calculation to avoid division by zero.&#xD;
ZookeeperCooldown: ZookeeperCooldownRecalcInterval is zero. Skipping cooldown bonus calculation to avoid division by zero.&#xD;
ZookeeperCooldown: ZookeeperCooldownRecalcInterval is zero. Skipping cooldown bonus calculation to avoid division by zero.&#xD;
=============== Move Scores Summary (Bot: "8b287b0b-eb55-496d-bde4-6ccc4a66e8ae") ==============&#xD;
Move ""Down"": 446.1605&#xD;
Move ""Right"": 444.2065&#xD;
Move ""Up"": 391.3533&#xD;
==================== End Summary ====================&#xD;
============== Detailed Heuristic Scores (Bot: "8b287b0b-eb55-496d-bde4-6ccc4a66e8ae") ==============&#xD;
VisitPenalty                       : Raw=  0.0000, Weight=  0.0000, Contribution=  0.0000, NewScore=391.3533&#xD;
-------------------- Scoring Move: "Up" for Animal: "8b287b0b-eb55-496d-bde4-6ccc4a66e8ae" at (11,12) --------------------&#xD;
| Heuristic Name                       | Score        | Accumulated Score |&#xD;
|--------------------------------------|--------------|-------------------|&#xD;
| LongTermPelletSeeking                |       378.58 |            391.35 |&#xD;
| AreaControl                          |         6.07 |              7.87 |&#xD;
| CaptureAvoidance                     |         2.00 |              9.87 |&#xD;
| DistanceToGoal                       |         2.00 |             12.78 |&#xD;
| AnticipateCompetition                |         1.80 |              1.80 |&#xD;
| DensityMapping                       |         0.90 |             10.78 |&#xD;
| CenterDistanceBonus                  |         0.01 |              9.87 |&#xD;
| CornerControl                        |         0.00 |              9.88 |&#xD;
-------------------- Final Score: 391.3533 --------------------&#xD;
VisitPenalty                       : Raw=  0.0000, Weight=  0.0000, Contribution=  0.0000, NewScore=446.1605&#xD;
-------------------- Scoring Move: "Down" for Animal: "8b287b0b-eb55-496d-bde4-6ccc4a66e8ae" at (11,12) --------------------&#xD;
| Heuristic Name                       | Score        | Accumulated Score |&#xD;
|--------------------------------------|--------------|-------------------|&#xD;
| LongTermPelletSeeking                |       436.50 |            446.16 |&#xD;
| AreaControl                          |         6.65 |              8.65 |&#xD;
| AnticipateCompetition                |         2.00 |              2.00 |&#xD;
| CaptureAvoidance                     |        -2.00 |              6.65 |&#xD;
| DistanceToGoal                       |         2.00 |              9.66 |&#xD;
| DensityMapping                       |         1.00 |              7.66 |&#xD;
| CenterDistanceBonus                  |         0.01 |              6.66 |&#xD;
| CornerControl                        |         0.00 |              6.66 |&#xD;
-------------------- Final Score: 446.1605 --------------------&#xD;
VisitPenalty                       : Raw=  0.0000, Weight=  0.0000, Contribution=  0.0000, NewScore=444.2065&#xD;
-------------------- Scoring Move: "Right" for Animal: "8b287b0b-eb55-496d-bde4-6ccc4a66e8ae" at (11,12) --------------------&#xD;
| Heuristic Name                       | Score        | Accumulated Score |&#xD;
|--------------------------------------|--------------|-------------------|&#xD;
| LongTermPelletSeeking                |       439.20 |            444.21 |&#xD;
| AreaControl                          |         5.60 |              7.20 |&#xD;
| CaptureAvoidance                     |        -2.00 |              5.20 |&#xD;
| AnticipateCompetition                |         1.60 |              1.60 |&#xD;
| DistanceToGoal                       |        -1.00 |              5.01 |&#xD;
| DensityMapping                       |         0.80 |              6.01 |&#xD;
| CenterDistanceBonus                  |         0.01 |              5.21 |&#xD;
| CornerControl                        |         0.00 |              5.21 |&#xD;
-------------------- Final Score: 444.2065 --------------------&#xD;
================== End Detailed Scores ==================&#xD;
Bot action "Down" matches expected "Down"&#xD;
Bot "8b287b0b-eb55-496d-bde4-6ccc4a66e8ae" returned action: "Down"</StdOut>
      </Output>
    </UnitTestResult>
    <UnitTestResult executionId="ee057ceb-f3dd-4517-85ac-4b60538cf627" testId="37280825-0eed-00ef-680c-bee4837d0aa4" testName="FunctionalTests.StandardBotTests.GameState34TickOverrideTest" computerName="MARVIJO" duration="00:00:00.0072324" startTime="2025-07-15T18:43:01.8753237+02:00" endTime="2025-07-15T18:43:01.8753241+02:00" testType="13cdc9d9-ddb5-4fa4-a97d-d965ccfc6d4b" outcome="Passed" testListId="8c84fa94-04c1-424b-9868-57a2d4851a1d" relativeResultsDirectory="ee057ceb-f3dd-4517-85ac-4b60538cf627">
      <Output>
        <StdOut>Heuristics instance created with 54 heuristics.&#xD;
Heuristics instance created with 56 heuristics.&#xD;
Loading game state from: c:\dev\2025-Zooscape\FunctionalTests\GameStates\34.json&#xD;
JSON content length: 67188 characters&#xD;
Successfully loaded game state with 4 animals and 2401 cells&#xD;
Tick override test passed for game state with tick: 34&#xD;
Tick override test passed for game state with tick: 34</StdOut>
      </Output>
    </UnitTestResult>
    <UnitTestResult executionId="3832b80f-7229-44b0-aad0-4217e2e9d878" testId="a6d32045-3937-9469-19f5-f52013c7c0bd" testName="FunctionalTests.StandardBotTests.GameState34ActionTest" computerName="MARVIJO" duration="00:00:00.0144853" startTime="2025-07-15T18:43:01.8983425+02:00" endTime="2025-07-15T18:43:01.8983427+02:00" testType="13cdc9d9-ddb5-4fa4-a97d-d965ccfc6d4b" outcome="Passed" testListId="8c84fa94-04c1-424b-9868-57a2d4851a1d" relativeResultsDirectory="3832b80f-7229-44b0-aad0-4217e2e9d878">
      <Output>
        <StdOut>Heuristics instance created with 54 heuristics.&#xD;
Heuristics instance created with 56 heuristics.&#xD;
Loading game state from: c:\dev\2025-Zooscape\FunctionalTests\GameStates\34.json&#xD;
JSON content length: 67188 characters&#xD;
Successfully loaded game state with 4 animals and 2401 cells&#xD;
Bot ID "e5da516a-52ea-460b-b35f-6f290d7ee481" not found in game state, using first animal&#xD;
===== Evaluating Potential Moves for Bot "b957e569-d896-4f63-b22b-e5b1e414698c" on tick 34 ====&#xD;
=============== Move Scores Summary (Bot: "b957e569-d896-4f63-b22b-e5b1e414698c") ==============&#xD;
Move ""Left"": 1234.8805&#xD;
Move ""Up"": 1205.6599&#xD;
Move ""Down"": 1138.4874&#xD;
Move ""Right"": 1095.3863&#xD;
==================== End Summary ====================&#xD;
============== Detailed Heuristic Scores (Bot: "b957e569-d896-4f63-b22b-e5b1e414698c") ==============&#xD;
VisitPenalty                       : Raw=  0.0000, Weight=-46.7307, Contribution=  0.0000, NewScore=1205.6599&#xD;
-------------------- Scoring Move: "Up" for Animal: "b957e569-d896-4f63-b22b-e5b1e414698c" at (6,13) --------------------&#xD;
| Heuristic Name                       | Score        | Accumulated Score |&#xD;
|--------------------------------------|--------------|-------------------|&#xD;
| QuadrantAwareness                    |     1,886.77 |          1,991.75 |&#xD;
| SpawnProximity                       |    -1,446.52 |            645.77 |&#xD;
| TiebreakersAwareness                 |       528.19 |          1,173.96 |&#xD;
| ResourceClustering                   |       107.17 |          2,089.10 |&#xD;
| EarlyGameZookeeperAvoidance          |        82.58 |             94.01 |&#xD;
| UnoccupiedCellBonus                  |        28.88 |          1,210.83 |&#xD;
| RecalcWindowSafety                   |        -9.81 |          1,981.93 |&#xD;
| EscapeRoutes                         |         8.46 |            102.78 |&#xD;
| TimeToCapture                        |         8.23 |          1,182.19 |&#xD;
| AreaControl                          |         5.32 |              6.72 |&#xD;
| ZookeeperPrediction                  |        -5.17 |          1,205.66 |&#xD;
| PelletRace                           |         5.13 |            104.98 |&#xD;
| ScoreLossMinimizer                   |         3.19 |          2,092.29 |&#xD;
| PelletEfficiency                     |        -2.80 |             99.84 |&#xD;
| CaptureAvoidance                     |         2.00 |              8.72 |&#xD;
| DistanceToGoal                       |         2.00 |             11.43 |&#xD;
| AnticipateCompetition                |         1.40 |              1.40 |&#xD;
| DensityMapping                       |         0.70 |              9.43 |&#xD;
| Mobility                             |        -0.45 |            102.33 |&#xD;
| OpponentProximity                    |         0.32 |            102.65 |&#xD;
| EdgeAwareness                        |         0.30 |             94.32 |&#xD;
| TimerAwareness                       |        -0.24 |          1,181.95 |&#xD;
| CenterDistanceBonus                  |         0.01 |              8.72 |&#xD;
| CornerControl                        |         0.01 |              8.73 |&#xD;
-------------------- Final Score: 1,205.6599 --------------------&#xD;
VisitPenalty                       : Raw=  0.0000, Weight=-46.7307, Contribution=  0.0000, NewScore=1138.4874&#xD;
-------------------- Scoring Move: "Down" for Animal: "b957e569-d896-4f63-b22b-e5b1e414698c" at (6,13) --------------------&#xD;
| Heuristic Name                       | Score        | Accumulated Score |&#xD;
|--------------------------------------|--------------|-------------------|&#xD;
| QuadrantAwareness                    |     1,886.77 |          1,946.81 |&#xD;
| SpawnProximity                       |    -1,517.09 |            578.60 |&#xD;
| TiebreakersAwareness                 |       528.19 |          1,106.79 |&#xD;
| ResourceClustering                   |       155.50 |          2,092.49 |&#xD;
| EarlyGameZookeeperAvoidance          |        82.58 |             95.78 |&#xD;
| LineOfSightPellets                   |       -46.70 |             57.84 |&#xD;
| UnoccupiedCellBonus                  |        28.88 |          1,143.65 |&#xD;
| RecalcWindowSafety                   |        -9.81 |          1,936.99 |&#xD;
| EscapeRoutes                         |         8.46 |            104.55 |&#xD;
| TimeToCapture                        |         8.23 |          1,115.02 |&#xD;
| AreaControl                          |         6.48 |              8.28 |&#xD;
| ZookeeperPrediction                  |        -5.17 |          1,138.49 |&#xD;
| PelletRace                           |         5.13 |             60.04 |&#xD;
| ScoreLossMinimizer                   |         3.19 |          2,095.68 |&#xD;
| PelletEfficiency                     |        -2.80 |             54.91 |&#xD;
| CaptureAvoidance                     |         2.00 |             10.28 |&#xD;
| DistanceToGoal                       |         2.00 |             13.19 |&#xD;
| AnticipateCompetition                |         1.80 |              1.80 |&#xD;
| DensityMapping                       |         0.90 |             11.19 |&#xD;
| Mobility                             |        -0.45 |             57.39 |&#xD;
| OpponentProximity                    |         0.32 |             57.71 |&#xD;
| EdgeAwareness                        |         0.30 |             96.08 |&#xD;
| TimerAwareness                       |        -0.24 |          1,114.78 |&#xD;
| CenterDistanceBonus                  |         0.01 |             10.29 |&#xD;
| CornerControl                        |         0.00 |             10.29 |&#xD;
-------------------- Final Score: 1,138.4874 --------------------&#xD;
VisitPenalty                       : Raw=  0.0000, Weight=-46.7307, Contribution=  0.0000, NewScore=1234.8805&#xD;
-------------------- Scoring Move: "Left" for Animal: "b957e569-d896-4f63-b22b-e5b1e414698c" at (6,13) --------------------&#xD;
| Heuristic Name                       | Score        | Accumulated Score |&#xD;
|--------------------------------------|--------------|-------------------|&#xD;
| QuadrantAwareness                    |     1,886.77 |          1,972.64 |&#xD;
| SpawnProximity                       |    -1,446.52 |            674.99 |&#xD;
| TiebreakersAwareness                 |       528.19 |          1,203.18 |&#xD;
| ResourceClustering                   |       155.50 |          2,118.32 |&#xD;
| EarlyGameZookeeperAvoidance          |        82.58 |             95.61 |&#xD;
| UnoccupiedCellBonus                  |        28.88 |          1,240.05 |&#xD;
| LineOfSightPellets                   |       -20.76 |             83.67 |&#xD;
| RecalcWindowSafety                   |        -9.81 |          1,962.83 |&#xD;
| EscapeRoutes                         |         8.46 |            104.43 |&#xD;
| TimeToCapture                        |         8.23 |          1,211.41 |&#xD;
| AreaControl                          |         6.32 |              8.12 |&#xD;
| ZookeeperPrediction                  |        -5.17 |          1,234.88 |&#xD;
| PelletRace                           |         5.13 |             85.87 |&#xD;
| ScoreLossMinimizer                   |         3.19 |          2,121.51 |&#xD;
| PelletEfficiency                     |        -2.80 |             80.74 |&#xD;
| CaptureAvoidance                     |         2.00 |             10.12 |&#xD;
| DistanceToGoal                       |         2.00 |             13.03 |&#xD;
| AnticipateCompetition                |         1.80 |              1.80 |&#xD;
| DensityMapping                       |         0.90 |             11.03 |&#xD;
| Mobility                             |        -0.45 |             83.22 |&#xD;
| EdgeAwareness                        |         0.35 |             95.97 |&#xD;
| OpponentProximity                    |         0.32 |             83.54 |&#xD;
| TimerAwareness                       |        -0.24 |          1,211.17 |&#xD;
| CenterDistanceBonus                  |         0.01 |             10.12 |&#xD;
| CornerControl                        |         0.01 |             10.13 |&#xD;
-------------------- Final Score: 1,234.8805 --------------------&#xD;
VisitPenalty                       : Raw=  0.0000, Weight=-46.7307, Contribution=  0.0000, NewScore=1095.3863&#xD;
-------------------- Scoring Move: "Right" for Animal: "b957e569-d896-4f63-b22b-e5b1e414698c" at (6,13) --------------------&#xD;
| Heuristic Name                       | Score        | Accumulated Score |&#xD;
|--------------------------------------|--------------|-------------------|&#xD;
| QuadrantAwareness                    |     1,886.77 |          2,011.86 |&#xD;
| SpawnProximity                       |    -1,517.09 |            562.53 |&#xD;
| TiebreakersAwareness                 |       528.19 |          1,090.72 |&#xD;
| EarlyGameZookeeperAvoidance          |       106.18 |            110.11 |&#xD;
| ResourceClustering                   |        82.38 |          2,074.61 |&#xD;
| UnoccupiedCellBonus                  |        28.88 |          1,117.63 |&#xD;
| ZookeeperPrediction                  |       -22.25 |          1,095.39 |&#xD;
| RecalcWindowSafety                   |       -19.63 |          1,992.23 |&#xD;
| EscapeRoutes                         |         8.46 |            116.96 |&#xD;
| PelletRace                           |         5.13 |            125.09 |&#xD;
| ScoreLossMinimizer                   |         5.01 |          2,079.62 |&#xD;
| AreaControl                          |         4.82 |              6.22 |&#xD;
| PelletEfficiency                     |         2.80 |            119.95 |&#xD;
| CaptureAvoidance                     |        -2.00 |              4.22 |&#xD;
| EmptyCellAvoidance                   |        -1.88 |            108.50 |&#xD;
| TimeToCapture                        |        -1.72 |          1,089.00 |&#xD;
| AnticipateCompetition                |         1.40 |              1.40 |&#xD;
| DistanceToGoal                       |        -1.00 |              3.93 |&#xD;
| DensityMapping                       |         0.70 |              4.93 |&#xD;
| OpponentProximity                    |         0.64 |            117.15 |&#xD;
| Mobility                             |        -0.45 |            116.51 |&#xD;
| EdgeAwareness                        |         0.27 |            110.37 |&#xD;
| TimerAwareness                       |        -0.24 |          1,088.76 |&#xD;
| CenterDistanceBonus                  |         0.01 |              4.22 |&#xD;
| CornerControl                        |         0.00 |              4.23 |&#xD;
-------------------- Final Score: 1,095.3863 --------------------&#xD;
================== End Detailed Scores ==================&#xD;
Bot "b957e569-d896-4f63-b22b-e5b1e414698c" returned action: "Left"</StdOut>
      </Output>
    </UnitTestResult>
    <UnitTestResult executionId="f49c9192-5044-45d2-9ca7-9fda672703c0" testId="c3e72002-0912-f4b7-bbe1-9eae028bfe36" testName="FunctionalTests.JsonDrivenTests.ExecuteAllJsonDefinedTests" computerName="MARVIJO" duration="00:00:00.0268374" startTime="2025-07-15T18:43:01.6094515+02:00" endTime="2025-07-15T18:43:01.6094630+02:00" testType="13cdc9d9-ddb5-4fa4-a97d-d965ccfc6d4b" outcome="Failed" testListId="8c84fa94-04c1-424b-9868-57a2d4851a1d" relativeResultsDirectory="f49c9192-5044-45d2-9ca7-9fda672703c0">
      <Output>
        <StdOut>Failed to load test definitions from TestSchema.json&#xD;
System.InvalidOperationException: Failed to deserialize test definitions from c:\dev\2025-Zooscape\FunctionalTests\TestDefinitions\TestSchema.json: JSON deserialization for type 'FunctionalTests.Models.TestDefinition' was missing required properties, including the following: TestName, GameStateFile, TestType&#xD;
 ---&gt; System.Text.Json.JsonException: JSON deserialization for type 'FunctionalTests.Models.TestDefinition' was missing required properties, including the following: TestName, GameStateFile, TestType&#xD;
   at System.Text.Json.ThrowHelper.ThrowJsonException_JsonRequiredPropertyMissing(JsonTypeInfo parent, BitArray requiredPropertiesSet)&#xD;
   at System.Text.Json.Serialization.Converters.ObjectDefaultConverter`1.OnTryRead(Utf8JsonReader&amp; reader, Type typeToConvert, JsonSerializerOptions options, ReadStack&amp; state, T&amp; value)&#xD;
   at System.Text.Json.Serialization.JsonConverter`1.TryRead(Utf8JsonReader&amp; reader, Type typeToConvert, JsonSerializerOptions options, ReadStack&amp; state, T&amp; value, Boolean&amp; isPopulatedValue)&#xD;
   at System.Text.Json.Serialization.JsonConverter`1.ReadCore(Utf8JsonReader&amp; reader, JsonSerializerOptions options, ReadStack&amp; state)&#xD;
   at System.Text.Json.JsonSerializer.ReadFromSpan[TValue](ReadOnlySpan`1 utf8Json, JsonTypeInfo`1 jsonTypeInfo, Nullable`1 actualByteCount)&#xD;
   at System.Text.Json.JsonSerializer.ReadFromSpan[TValue](ReadOnlySpan`1 json, JsonTypeInfo`1 jsonTypeInfo)&#xD;
   at System.Text.Json.JsonSerializer.Deserialize[TValue](String json, JsonSerializerOptions options)&#xD;
   at FunctionalTests.Services.TestDefinitionLoader.LoadTestDefinitionsFromFile(String filePath) in c:\dev\2025-Zooscape\FunctionalTests\Services\TestDefinitionLoader.cs:line 115&#xD;
   --- End of inner exception stack trace ---&#xD;
   at FunctionalTests.Services.TestDefinitionLoader.LoadTestDefinitionsFromFile(String filePath) in c:\dev\2025-Zooscape\FunctionalTests\Services\TestDefinitionLoader.cs:line 123&#xD;
   at FunctionalTests.Services.TestDefinitionLoader.LoadAllTestDefinitions() in c:\dev\2025-Zooscape\FunctionalTests\Services\TestDefinitionLoader.cs:line 75&#xD;
Total test definitions loaded: 0</StdOut>
        <ErrorInfo>
          <Message>Assert.NotEmpty() Failure: Collection was empty</Message>
          <StackTrace>   at FunctionalTests.JsonDrivenTests.ExecuteAllJsonDefinedTests() in c:\dev\2025-Zooscape\FunctionalTests\JsonDrivenTests.cs:line 33&#xD;
   at System.RuntimeMethodHandle.InvokeMethod(Object target, Void** arguments, Signature sig, Boolean isConstructor)&#xD;
   at System.Reflection.MethodBaseInvoker.InvokeWithNoArgs(Object obj, BindingFlags invokeAttr)</StackTrace>
        </ErrorInfo>
      </Output>
    </UnitTestResult>
    <UnitTestResult executionId="39bc5617-3e7e-4aea-9260-209db3e0629e" testId="8e597bea-f15c-e752-1896-b68f9409956c" testName="FunctionalTests.StandardBotTests.ChaseImmediatePellet_LeftOrDown_EvenWhenChased" computerName="MARVIJO" duration="00:00:00.0382186" startTime="2025-07-15T18:43:01.8501702+02:00" endTime="2025-07-15T18:43:01.8501703+02:00" testType="13cdc9d9-ddb5-4fa4-a97d-d965ccfc6d4b" outcome="Passed" testListId="8c84fa94-04c1-424b-9868-57a2d4851a1d" relativeResultsDirectory="39bc5617-3e7e-4aea-9260-209db3e0629e">
      <Output>
        <StdOut>Heuristics instance created with 54 heuristics.&#xD;
Heuristics instance created with 56 heuristics.&#xD;
Loading game state from: c:\dev\2025-Zooscape\FunctionalTests\GameStates\34.json&#xD;
JSON content length: 67188 characters&#xD;
Successfully loaded game state with 4 animals and 2401 cells&#xD;
Testing bot instance: HeuroBotService&#xD;
Testing bot from array: HeuroBotService&#xD;
===== Evaluating Potential Moves for Bot "b957e569-d896-4f63-b22b-e5b1e414698c" on tick 34 ====&#xD;
=============== Move Scores Summary (Bot: "b957e569-d896-4f63-b22b-e5b1e414698c") ==============&#xD;
Move ""Left"": 1234.8805&#xD;
Move ""Up"": 1205.6599&#xD;
Move ""Down"": 1138.4874&#xD;
Move ""Right"": 1095.3863&#xD;
==================== End Summary ====================&#xD;
============== Detailed Heuristic Scores (Bot: "b957e569-d896-4f63-b22b-e5b1e414698c") ==============&#xD;
VisitPenalty                       : Raw=  0.0000, Weight=-46.7307, Contribution=  0.0000, NewScore=1205.6599&#xD;
-------------------- Scoring Move: "Up" for Animal: "b957e569-d896-4f63-b22b-e5b1e414698c" at (6,13) --------------------&#xD;
| Heuristic Name                       | Score        | Accumulated Score |&#xD;
|--------------------------------------|--------------|-------------------|&#xD;
| QuadrantAwareness                    |     1,886.77 |          1,991.75 |&#xD;
| SpawnProximity                       |    -1,446.52 |            645.77 |&#xD;
| TiebreakersAwareness                 |       528.19 |          1,173.96 |&#xD;
| ResourceClustering                   |       107.17 |          2,089.10 |&#xD;
| EarlyGameZookeeperAvoidance          |        82.58 |             94.01 |&#xD;
| UnoccupiedCellBonus                  |        28.88 |          1,210.83 |&#xD;
| RecalcWindowSafety                   |        -9.81 |          1,981.93 |&#xD;
| EscapeRoutes                         |         8.46 |            102.78 |&#xD;
| TimeToCapture                        |         8.23 |          1,182.19 |&#xD;
| AreaControl                          |         5.32 |              6.72 |&#xD;
| ZookeeperPrediction                  |        -5.17 |          1,205.66 |&#xD;
| PelletRace                           |         5.13 |            104.98 |&#xD;
| ScoreLossMinimizer                   |         3.19 |          2,092.29 |&#xD;
| PelletEfficiency                     |        -2.80 |             99.84 |&#xD;
| CaptureAvoidance                     |         2.00 |              8.72 |&#xD;
| DistanceToGoal                       |         2.00 |             11.43 |&#xD;
| AnticipateCompetition                |         1.40 |              1.40 |&#xD;
| DensityMapping                       |         0.70 |              9.43 |&#xD;
| Mobility                             |        -0.45 |            102.33 |&#xD;
| OpponentProximity                    |         0.32 |            102.65 |&#xD;
| EdgeAwareness                        |         0.30 |             94.32 |&#xD;
| TimerAwareness                       |        -0.24 |          1,181.95 |&#xD;
| CenterDistanceBonus                  |         0.01 |              8.72 |&#xD;
| CornerControl                        |         0.01 |              8.73 |&#xD;
-------------------- Final Score: 1,205.6599 --------------------&#xD;
VisitPenalty                       : Raw=  0.0000, Weight=-46.7307, Contribution=  0.0000, NewScore=1138.4874&#xD;
-------------------- Scoring Move: "Down" for Animal: "b957e569-d896-4f63-b22b-e5b1e414698c" at (6,13) --------------------&#xD;
| Heuristic Name                       | Score        | Accumulated Score |&#xD;
|--------------------------------------|--------------|-------------------|&#xD;
| QuadrantAwareness                    |     1,886.77 |          1,946.81 |&#xD;
| SpawnProximity                       |    -1,517.09 |            578.60 |&#xD;
| TiebreakersAwareness                 |       528.19 |          1,106.79 |&#xD;
| ResourceClustering                   |       155.50 |          2,092.49 |&#xD;
| EarlyGameZookeeperAvoidance          |        82.58 |             95.78 |&#xD;
| LineOfSightPellets                   |       -46.70 |             57.84 |&#xD;
| UnoccupiedCellBonus                  |        28.88 |          1,143.65 |&#xD;
| RecalcWindowSafety                   |        -9.81 |          1,936.99 |&#xD;
| EscapeRoutes                         |         8.46 |            104.55 |&#xD;
| TimeToCapture                        |         8.23 |          1,115.02 |&#xD;
| AreaControl                          |         6.48 |              8.28 |&#xD;
| ZookeeperPrediction                  |        -5.17 |          1,138.49 |&#xD;
| PelletRace                           |         5.13 |             60.04 |&#xD;
| ScoreLossMinimizer                   |         3.19 |          2,095.68 |&#xD;
| PelletEfficiency                     |        -2.80 |             54.91 |&#xD;
| CaptureAvoidance                     |         2.00 |             10.28 |&#xD;
| DistanceToGoal                       |         2.00 |             13.19 |&#xD;
| AnticipateCompetition                |         1.80 |              1.80 |&#xD;
| DensityMapping                       |         0.90 |             11.19 |&#xD;
| Mobility                             |        -0.45 |             57.39 |&#xD;
| OpponentProximity                    |         0.32 |             57.71 |&#xD;
| EdgeAwareness                        |         0.30 |             96.08 |&#xD;
| TimerAwareness                       |        -0.24 |          1,114.78 |&#xD;
| CenterDistanceBonus                  |         0.01 |             10.29 |&#xD;
| CornerControl                        |         0.00 |             10.29 |&#xD;
-------------------- Final Score: 1,138.4874 --------------------&#xD;
VisitPenalty                       : Raw=  0.0000, Weight=-46.7307, Contribution=  0.0000, NewScore=1234.8805&#xD;
-------------------- Scoring Move: "Left" for Animal: "b957e569-d896-4f63-b22b-e5b1e414698c" at (6,13) --------------------&#xD;
| Heuristic Name                       | Score        | Accumulated Score |&#xD;
|--------------------------------------|--------------|-------------------|&#xD;
| QuadrantAwareness                    |     1,886.77 |          1,972.64 |&#xD;
| SpawnProximity                       |    -1,446.52 |            674.99 |&#xD;
| TiebreakersAwareness                 |       528.19 |          1,203.18 |&#xD;
| ResourceClustering                   |       155.50 |          2,118.32 |&#xD;
| EarlyGameZookeeperAvoidance          |        82.58 |             95.61 |&#xD;
| UnoccupiedCellBonus                  |        28.88 |          1,240.05 |&#xD;
| LineOfSightPellets                   |       -20.76 |             83.67 |&#xD;
| RecalcWindowSafety                   |        -9.81 |          1,962.83 |&#xD;
| EscapeRoutes                         |         8.46 |            104.43 |&#xD;
| TimeToCapture                        |         8.23 |          1,211.41 |&#xD;
| AreaControl                          |         6.32 |              8.12 |&#xD;
| ZookeeperPrediction                  |        -5.17 |          1,234.88 |&#xD;
| PelletRace                           |         5.13 |             85.87 |&#xD;
| ScoreLossMinimizer                   |         3.19 |          2,121.51 |&#xD;
| PelletEfficiency                     |        -2.80 |             80.74 |&#xD;
| CaptureAvoidance                     |         2.00 |             10.12 |&#xD;
| DistanceToGoal                       |         2.00 |             13.03 |&#xD;
| AnticipateCompetition                |         1.80 |              1.80 |&#xD;
| DensityMapping                       |         0.90 |             11.03 |&#xD;
| Mobility                             |        -0.45 |             83.22 |&#xD;
| EdgeAwareness                        |         0.35 |             95.97 |&#xD;
| OpponentProximity                    |         0.32 |             83.54 |&#xD;
| TimerAwareness                       |        -0.24 |          1,211.17 |&#xD;
| CenterDistanceBonus                  |         0.01 |             10.12 |&#xD;
| CornerControl                        |         0.01 |             10.13 |&#xD;
-------------------- Final Score: 1,234.8805 --------------------&#xD;
VisitPenalty                       : Raw=  0.0000, Weight=-46.7307, Contribution=  0.0000, NewScore=1095.3863&#xD;
-------------------- Scoring Move: "Right" for Animal: "b957e569-d896-4f63-b22b-e5b1e414698c" at (6,13) --------------------&#xD;
| Heuristic Name                       | Score        | Accumulated Score |&#xD;
|--------------------------------------|--------------|-------------------|&#xD;
| QuadrantAwareness                    |     1,886.77 |          2,011.86 |&#xD;
| SpawnProximity                       |    -1,517.09 |            562.53 |&#xD;
| TiebreakersAwareness                 |       528.19 |          1,090.72 |&#xD;
| EarlyGameZookeeperAvoidance          |       106.18 |            110.11 |&#xD;
| ResourceClustering                   |        82.38 |          2,074.61 |&#xD;
| UnoccupiedCellBonus                  |        28.88 |          1,117.63 |&#xD;
| ZookeeperPrediction                  |       -22.25 |          1,095.39 |&#xD;
| RecalcWindowSafety                   |       -19.63 |          1,992.23 |&#xD;
| EscapeRoutes                         |         8.46 |            116.96 |&#xD;
| PelletRace                           |         5.13 |            125.09 |&#xD;
| ScoreLossMinimizer                   |         5.01 |          2,079.62 |&#xD;
| AreaControl                          |         4.82 |              6.22 |&#xD;
| PelletEfficiency                     |         2.80 |            119.95 |&#xD;
| CaptureAvoidance                     |        -2.00 |              4.22 |&#xD;
| EmptyCellAvoidance                   |        -1.88 |            108.50 |&#xD;
| TimeToCapture                        |        -1.72 |          1,089.00 |&#xD;
| AnticipateCompetition                |         1.40 |              1.40 |&#xD;
| DistanceToGoal                       |        -1.00 |              3.93 |&#xD;
| DensityMapping                       |         0.70 |              4.93 |&#xD;
| OpponentProximity                    |         0.64 |            117.15 |&#xD;
| Mobility                             |        -0.45 |            116.51 |&#xD;
| EdgeAwareness                        |         0.27 |            110.37 |&#xD;
| TimerAwareness                       |        -0.24 |          1,088.76 |&#xD;
| CenterDistanceBonus                  |         0.01 |              4.22 |&#xD;
| CornerControl                        |         0.00 |              4.23 |&#xD;
-------------------- Final Score: 1,095.3863 --------------------&#xD;
================== End Detailed Scores ==================&#xD;
Bot HeuroBotService with ID "b957e569-d896-4f63-b22b-e5b1e414698c" returned action: "Left"&#xD;
Testing bot instance: HeuroBotService&#xD;
Testing bot from array: HeuroBotService&#xD;
Bot HeuroBotService with ID "b957e569-d896-4f63-b22b-e5b1e414698c" returned action: "Down"</StdOut>
      </Output>
    </UnitTestResult>
    <UnitTestResult executionId="8a918b96-1642-4399-a4e7-f01ca01a52dc" testId="ec70ef0c-736a-99f3-13a8-7b2f40ba6bc5" testName="FunctionalTests.StandardBotTests.GameState34MovementTest" computerName="MARVIJO" duration="00:00:00.0211540" startTime="2025-07-15T18:43:01.9655112+02:00" endTime="2025-07-15T18:43:01.9655112+02:00" testType="13cdc9d9-ddb5-4fa4-a97d-d965ccfc6d4b" outcome="Passed" testListId="8c84fa94-04c1-424b-9868-57a2d4851a1d" relativeResultsDirectory="8a918b96-1642-4399-a4e7-f01ca01a52dc">
      <Output>
        <StdOut>Heuristics instance created with 54 heuristics.&#xD;
Heuristics instance created with 56 heuristics.&#xD;
Loading game state from: c:\dev\2025-Zooscape\FunctionalTests\GameStates\34.json&#xD;
JSON content length: 67188 characters&#xD;
Successfully loaded game state with 4 animals and 2401 cells&#xD;
Bot ID "ba06e2d5-feb5-4ce7-94d2-f79c019b0ef9" not found in game state, using first animal&#xD;
===== Evaluating Potential Moves for Bot "b957e569-d896-4f63-b22b-e5b1e414698c" on tick 34 ====&#xD;
=============== Move Scores Summary (Bot: "b957e569-d896-4f63-b22b-e5b1e414698c") ==============&#xD;
Move ""Left"": 1234.8805&#xD;
Move ""Up"": 1205.6599&#xD;
Move ""Down"": 1138.4874&#xD;
Move ""Right"": 1095.3863&#xD;
==================== End Summary ====================&#xD;
============== Detailed Heuristic Scores (Bot: "b957e569-d896-4f63-b22b-e5b1e414698c") ==============&#xD;
VisitPenalty                       : Raw=  0.0000, Weight=-46.7307, Contribution=  0.0000, NewScore=1205.6599&#xD;
-------------------- Scoring Move: "Up" for Animal: "b957e569-d896-4f63-b22b-e5b1e414698c" at (6,13) --------------------&#xD;
| Heuristic Name                       | Score        | Accumulated Score |&#xD;
|--------------------------------------|--------------|-------------------|&#xD;
| QuadrantAwareness                    |     1,886.77 |          1,991.75 |&#xD;
| SpawnProximity                       |    -1,446.52 |            645.77 |&#xD;
| TiebreakersAwareness                 |       528.19 |          1,173.96 |&#xD;
| ResourceClustering                   |       107.17 |          2,089.10 |&#xD;
| EarlyGameZookeeperAvoidance          |        82.58 |             94.01 |&#xD;
| UnoccupiedCellBonus                  |        28.88 |          1,210.83 |&#xD;
| RecalcWindowSafety                   |        -9.81 |          1,981.93 |&#xD;
| EscapeRoutes                         |         8.46 |            102.78 |&#xD;
| TimeToCapture                        |         8.23 |          1,182.19 |&#xD;
| AreaControl                          |         5.32 |              6.72 |&#xD;
| ZookeeperPrediction                  |        -5.17 |          1,205.66 |&#xD;
| PelletRace                           |         5.13 |            104.98 |&#xD;
| ScoreLossMinimizer                   |         3.19 |          2,092.29 |&#xD;
| PelletEfficiency                     |        -2.80 |             99.84 |&#xD;
| CaptureAvoidance                     |         2.00 |              8.72 |&#xD;
| DistanceToGoal                       |         2.00 |             11.43 |&#xD;
| AnticipateCompetition                |         1.40 |              1.40 |&#xD;
| DensityMapping                       |         0.70 |              9.43 |&#xD;
| Mobility                             |        -0.45 |            102.33 |&#xD;
| OpponentProximity                    |         0.32 |            102.65 |&#xD;
| EdgeAwareness                        |         0.30 |             94.32 |&#xD;
| TimerAwareness                       |        -0.24 |          1,181.95 |&#xD;
| CenterDistanceBonus                  |         0.01 |              8.72 |&#xD;
| CornerControl                        |         0.01 |              8.73 |&#xD;
-------------------- Final Score: 1,205.6599 --------------------&#xD;
VisitPenalty                       : Raw=  0.0000, Weight=-46.7307, Contribution=  0.0000, NewScore=1138.4874&#xD;
-------------------- Scoring Move: "Down" for Animal: "b957e569-d896-4f63-b22b-e5b1e414698c" at (6,13) --------------------&#xD;
| Heuristic Name                       | Score        | Accumulated Score |&#xD;
|--------------------------------------|--------------|-------------------|&#xD;
| QuadrantAwareness                    |     1,886.77 |          1,946.81 |&#xD;
| SpawnProximity                       |    -1,517.09 |            578.60 |&#xD;
| TiebreakersAwareness                 |       528.19 |          1,106.79 |&#xD;
| ResourceClustering                   |       155.50 |          2,092.49 |&#xD;
| EarlyGameZookeeperAvoidance          |        82.58 |             95.78 |&#xD;
| LineOfSightPellets                   |       -46.70 |             57.84 |&#xD;
| UnoccupiedCellBonus                  |        28.88 |          1,143.65 |&#xD;
| RecalcWindowSafety                   |        -9.81 |          1,936.99 |&#xD;
| EscapeRoutes                         |         8.46 |            104.55 |&#xD;
| TimeToCapture                        |         8.23 |          1,115.02 |&#xD;
| AreaControl                          |         6.48 |              8.28 |&#xD;
| ZookeeperPrediction                  |        -5.17 |          1,138.49 |&#xD;
| PelletRace                           |         5.13 |             60.04 |&#xD;
| ScoreLossMinimizer                   |         3.19 |          2,095.68 |&#xD;
| PelletEfficiency                     |        -2.80 |             54.91 |&#xD;
| CaptureAvoidance                     |         2.00 |             10.28 |&#xD;
| DistanceToGoal                       |         2.00 |             13.19 |&#xD;
| AnticipateCompetition                |         1.80 |              1.80 |&#xD;
| DensityMapping                       |         0.90 |             11.19 |&#xD;
| Mobility                             |        -0.45 |             57.39 |&#xD;
| OpponentProximity                    |         0.32 |             57.71 |&#xD;
| EdgeAwareness                        |         0.30 |             96.08 |&#xD;
| TimerAwareness                       |        -0.24 |          1,114.78 |&#xD;
| CenterDistanceBonus                  |         0.01 |             10.29 |&#xD;
| CornerControl                        |         0.00 |             10.29 |&#xD;
-------------------- Final Score: 1,138.4874 --------------------&#xD;
VisitPenalty                       : Raw=  0.0000, Weight=-46.7307, Contribution=  0.0000, NewScore=1234.8805&#xD;
-------------------- Scoring Move: "Left" for Animal: "b957e569-d896-4f63-b22b-e5b1e414698c" at (6,13) --------------------&#xD;
| Heuristic Name                       | Score        | Accumulated Score |&#xD;
|--------------------------------------|--------------|-------------------|&#xD;
| QuadrantAwareness                    |     1,886.77 |          1,972.64 |&#xD;
| SpawnProximity                       |    -1,446.52 |            674.99 |&#xD;
| TiebreakersAwareness                 |       528.19 |          1,203.18 |&#xD;
| ResourceClustering                   |       155.50 |          2,118.32 |&#xD;
| EarlyGameZookeeperAvoidance          |        82.58 |             95.61 |&#xD;
| UnoccupiedCellBonus                  |        28.88 |          1,240.05 |&#xD;
| LineOfSightPellets                   |       -20.76 |             83.67 |&#xD;
| RecalcWindowSafety                   |        -9.81 |          1,962.83 |&#xD;
| EscapeRoutes                         |         8.46 |            104.43 |&#xD;
| TimeToCapture                        |         8.23 |          1,211.41 |&#xD;
| AreaControl                          |         6.32 |              8.12 |&#xD;
| ZookeeperPrediction                  |        -5.17 |          1,234.88 |&#xD;
| PelletRace                           |         5.13 |             85.87 |&#xD;
| ScoreLossMinimizer                   |         3.19 |          2,121.51 |&#xD;
| PelletEfficiency                     |        -2.80 |             80.74 |&#xD;
| CaptureAvoidance                     |         2.00 |             10.12 |&#xD;
| DistanceToGoal                       |         2.00 |             13.03 |&#xD;
| AnticipateCompetition                |         1.80 |              1.80 |&#xD;
| DensityMapping                       |         0.90 |             11.03 |&#xD;
| Mobility                             |        -0.45 |             83.22 |&#xD;
| EdgeAwareness                        |         0.35 |             95.97 |&#xD;
| OpponentProximity                    |         0.32 |             83.54 |&#xD;
| TimerAwareness                       |        -0.24 |          1,211.17 |&#xD;
| CenterDistanceBonus                  |         0.01 |             10.12 |&#xD;
| CornerControl                        |         0.01 |             10.13 |&#xD;
-------------------- Final Score: 1,234.8805 --------------------&#xD;
VisitPenalty                       : Raw=  0.0000, Weight=-46.7307, Contribution=  0.0000, NewScore=1095.3863&#xD;
-------------------- Scoring Move: "Right" for Animal: "b957e569-d896-4f63-b22b-e5b1e414698c" at (6,13) --------------------&#xD;
| Heuristic Name                       | Score        | Accumulated Score |&#xD;
|--------------------------------------|--------------|-------------------|&#xD;
| QuadrantAwareness                    |     1,886.77 |          2,011.86 |&#xD;
| SpawnProximity                       |    -1,517.09 |            562.53 |&#xD;
| TiebreakersAwareness                 |       528.19 |          1,090.72 |&#xD;
| EarlyGameZookeeperAvoidance          |       106.18 |            110.11 |&#xD;
| ResourceClustering                   |        82.38 |          2,074.61 |&#xD;
| UnoccupiedCellBonus                  |        28.88 |          1,117.63 |&#xD;
| ZookeeperPrediction                  |       -22.25 |          1,095.39 |&#xD;
| RecalcWindowSafety                   |       -19.63 |          1,992.23 |&#xD;
| EscapeRoutes                         |         8.46 |            116.96 |&#xD;
| PelletRace                           |         5.13 |            125.09 |&#xD;
| ScoreLossMinimizer                   |         5.01 |          2,079.62 |&#xD;
| AreaControl                          |         4.82 |              6.22 |&#xD;
| PelletEfficiency                     |         2.80 |            119.95 |&#xD;
| CaptureAvoidance                     |        -2.00 |              4.22 |&#xD;
| EmptyCellAvoidance                   |        -1.88 |            108.50 |&#xD;
| TimeToCapture                        |        -1.72 |          1,089.00 |&#xD;
| AnticipateCompetition                |         1.40 |              1.40 |&#xD;
| DistanceToGoal                       |        -1.00 |              3.93 |&#xD;
| DensityMapping                       |         0.70 |              4.93 |&#xD;
| OpponentProximity                    |         0.64 |            117.15 |&#xD;
| Mobility                             |        -0.45 |            116.51 |&#xD;
| EdgeAwareness                        |         0.27 |            110.37 |&#xD;
| TimerAwareness                       |        -0.24 |          1,088.76 |&#xD;
| CenterDistanceBonus                  |         0.01 |              4.22 |&#xD;
| CornerControl                        |         0.00 |              4.23 |&#xD;
-------------------- Final Score: 1,095.3863 --------------------&#xD;
================== End Detailed Scores ==================&#xD;
Bot "b957e569-d896-4f63-b22b-e5b1e414698c" returned action: "Left"</StdOut>
      </Output>
    </UnitTestResult>
    <UnitTestResult executionId="732069aa-aeab-4a20-9491-65b86ea8f6ef" testId="900943bf-aa2f-d7ac-335c-4b82aae11d06" testName="FunctionalTests.StandardBotTests.GameState34LoadTest" computerName="MARVIJO" duration="00:00:00.0083649" startTime="2025-07-15T18:43:01.8837857+02:00" endTime="2025-07-15T18:43:01.8837860+02:00" testType="13cdc9d9-ddb5-4fa4-a97d-d965ccfc6d4b" outcome="Passed" testListId="8c84fa94-04c1-424b-9868-57a2d4851a1d" relativeResultsDirectory="732069aa-aeab-4a20-9491-65b86ea8f6ef">
      <Output>
        <StdOut>Heuristics instance created with 54 heuristics.&#xD;
Heuristics instance created with 56 heuristics.&#xD;
Loading game state from: c:\dev\2025-Zooscape\FunctionalTests\GameStates\34.json&#xD;
JSON content length: 67188 characters&#xD;
Successfully loaded game state with 4 animals and 2401 cells&#xD;
Game state validation passed</StdOut>
      </Output>
    </UnitTestResult>
    <UnitTestResult executionId="f37300a6-21d1-449c-93d2-52515e4b2bc4" testId="fb9b73cf-f0bf-ee9b-64ec-07e29f11b63f" testName="Game State 12: ClingyHeuroBot2 Must Move Down" computerName="MARVIJO" duration="00:00:00.0182948" startTime="2025-07-15T18:43:01.8680591+02:00" endTime="2025-07-15T18:43:01.8680597+02:00" testType="13cdc9d9-ddb5-4fa4-a97d-d965ccfc6d4b" outcome="Passed" testListId="8c84fa94-04c1-424b-9868-57a2d4851a1d" relativeResultsDirectory="f37300a6-21d1-449c-93d2-52515e4b2bc4">
      <Output>
        <StdOut>Heuristics instance created with 54 heuristics.&#xD;
Heuristics instance created with 56 heuristics.&#xD;
Loading game state from: c:\dev\2025-Zooscape\FunctionalTests\GameStates\12.json&#xD;
JSON content length: 72899 characters&#xD;
Successfully loaded game state with 4 animals and 2601 cells&#xD;
Bot ID "7957fd99-fbd1-4e4a-a384-2f154f6ba1c5" not found in game state, using first animal&#xD;
===== Evaluating Potential Moves for Bot "8b287b0b-eb55-496d-bde4-6ccc4a66e8ae" on tick 12 ====&#xD;
=============== Move Scores Summary (Bot: "8b287b0b-eb55-496d-bde4-6ccc4a66e8ae") ==============&#xD;
Move ""Down"": 421.8428&#xD;
Move ""Up"": 356.2388&#xD;
Move ""Right"": 280.3999&#xD;
==================== End Summary ====================&#xD;
============== Detailed Heuristic Scores (Bot: "8b287b0b-eb55-496d-bde4-6ccc4a66e8ae") ==============&#xD;
VisitPenalty                       : Raw=  0.0000, Weight=-46.7307, Contribution=  0.0000, NewScore=356.2388&#xD;
-------------------- Scoring Move: "Up" for Animal: "8b287b0b-eb55-496d-bde4-6ccc4a66e8ae" at (11,12) --------------------&#xD;
| Heuristic Name                       | Score        | Accumulated Score |&#xD;
|--------------------------------------|--------------|-------------------|&#xD;
| SpawnProximity                       |    -2,434.39 |            -79.54 |&#xD;
| QuadrantAwareness                    |     2,189.50 |          2,200.45 |&#xD;
| TiebreakersAwareness                 |       399.37 |            319.84 |&#xD;
| ResourceClustering                   |       130.71 |          2,354.11 |&#xD;
| TimeToCapture                        |        57.64 |            377.48 |&#xD;
| WallCollisionRisk                    |       -50.03 |            356.24 |&#xD;
| UnoccupiedCellBonus                  |        28.88 |            406.27 |&#xD;
| RecalcWindowSafety                   |        22.95 |          2,223.40 |&#xD;
| LineOfSightPellets                   |       -10.38 |              9.16 |&#xD;
| EscapeRoutes                         |         8.46 |             19.54 |&#xD;
| AreaControl                          |         6.07 |              7.87 |&#xD;
| PelletRace                           |         5.13 |             10.95 |&#xD;
| PelletEfficiency                     |        -2.80 |              5.82 |&#xD;
| CaptureAvoidance                     |         2.00 |              9.87 |&#xD;
| DistanceToGoal                       |         2.00 |             12.78 |&#xD;
| EmptyCellAvoidance                   |        -1.88 |             11.08 |&#xD;
| AnticipateCompetition                |         1.80 |              1.80 |&#xD;
| DensityMapping                       |         0.90 |             10.78 |&#xD;
| ScoreLossMinimizer                   |         0.75 |          2,354.86 |&#xD;
| Mobility                             |        -0.60 |              8.56 |&#xD;
| EdgeAwareness                        |         0.18 |             12.96 |&#xD;
| TimerAwareness                       |        -0.09 |            377.39 |&#xD;
| OpponentProximity                    |         0.06 |              8.62 |&#xD;
| CenterDistanceBonus                  |         0.01 |              9.87 |&#xD;
| CornerControl                        |         0.00 |              9.88 |&#xD;
-------------------- Final Score: 356.2388 --------------------&#xD;
VisitPenalty                       : Raw=  0.0000, Weight=-46.7307, Contribution=  0.0000, NewScore=421.8428&#xD;
-------------------- Scoring Move: "Down" for Animal: "8b287b0b-eb55-496d-bde4-6ccc4a66e8ae" at (11,12) --------------------&#xD;
| Heuristic Name                       | Score        | Accumulated Score |&#xD;
|--------------------------------------|--------------|-------------------|&#xD;
| SpawnProximity                       |    -2,434.39 |            -51.97 |&#xD;
| QuadrantAwareness                    |     2,189.50 |          2,216.18 |&#xD;
| TiebreakersAwareness                 |       399.37 |            347.41 |&#xD;
| ResourceClustering                   |       142.48 |          2,381.61 |&#xD;
| TimeToCapture                        |        52.15 |            399.56 |&#xD;
| UnoccupiedCellBonus                  |        28.88 |            428.35 |&#xD;
| RecalcWindowSafety                   |        22.95 |          2,239.13 |&#xD;
| EscapeRoutes                         |        16.93 |             24.89 |&#xD;
| AreaControl                          |         6.65 |              8.65 |&#xD;
| WallCollisionRisk                    |        -6.51 |            421.84 |&#xD;
| PelletRace                           |         5.13 |             26.68 |&#xD;
| PelletEfficiency                     |        -2.80 |             21.55 |&#xD;
| AnticipateCompetition                |         2.00 |              2.00 |&#xD;
| CaptureAvoidance                     |        -2.00 |              6.65 |&#xD;
| DistanceToGoal                       |         2.00 |              9.66 |&#xD;
| EmptyCellAvoidance                   |        -1.88 |              7.96 |&#xD;
| DensityMapping                       |         1.00 |              7.66 |&#xD;
| ScoreLossMinimizer                   |         0.82 |          2,382.43 |&#xD;
| Mobility                             |        -0.60 |             24.29 |&#xD;
| EdgeAwareness                        |         0.18 |              9.84 |&#xD;
| TimerAwareness                       |        -0.09 |            399.47 |&#xD;
| OpponentProximity                    |         0.06 |             24.35 |&#xD;
| CenterDistanceBonus                  |         0.01 |              6.66 |&#xD;
| CornerControl                        |         0.00 |              6.66 |&#xD;
-------------------- Final Score: 421.8428 --------------------&#xD;
VisitPenalty                       : Raw=  0.0000, Weight=-46.7307, Contribution=  0.0000, NewScore=280.3999&#xD;
-------------------- Scoring Move: "Right" for Animal: "8b287b0b-eb55-496d-bde4-6ccc4a66e8ae" at (11,12) --------------------&#xD;
| Heuristic Name                       | Score        | Accumulated Score |&#xD;
|--------------------------------------|--------------|-------------------|&#xD;
| SpawnProximity                       |    -2,504.96 |           -168.19 |&#xD;
| QuadrantAwareness                    |     2,189.50 |          2,218.85 |&#xD;
| TiebreakersAwareness                 |       399.37 |            231.19 |&#xD;
| ResourceClustering                   |        94.15 |          2,335.95 |&#xD;
| TimeToCapture                        |        52.15 |            283.34 |&#xD;
| WallCollisionRisk                    |       -31.73 |            280.40 |&#xD;
| UnoccupiedCellBonus                  |        28.88 |            312.13 |&#xD;
| RecalcWindowSafety                   |        22.95 |          2,241.80 |&#xD;
| EscapeRoutes                         |        16.93 |             22.10 |&#xD;
| AreaControl                          |         5.60 |              7.20 |&#xD;
| PelletRace                           |         5.13 |             29.35 |&#xD;
| PelletEfficiency                     |         2.80 |             24.22 |&#xD;
| CaptureAvoidance                     |        -2.00 |              5.20 |&#xD;
| AnticipateCompetition                |         1.60 |              1.60 |&#xD;
| DistanceToGoal                       |        -1.00 |              5.01 |&#xD;
| ScoreLossMinimizer                   |         0.82 |          2,336.77 |&#xD;
| DensityMapping                       |         0.80 |              6.01 |&#xD;
| Mobility                             |        -0.75 |             21.35 |&#xD;
| EdgeAwareness                        |         0.16 |              5.18 |&#xD;
| TimerAwareness                       |        -0.09 |            283.25 |&#xD;
| OpponentProximity                    |         0.06 |             21.41 |&#xD;
| CenterDistanceBonus                  |         0.01 |              5.21 |&#xD;
| CornerControl                        |         0.00 |              5.21 |&#xD;
-------------------- Final Score: 280.3999 --------------------&#xD;
================== End Detailed Scores ==================&#xD;
Bot action "Down" matches expected "Down"&#xD;
Bot "8b287b0b-eb55-496d-bde4-6ccc4a66e8ae" returned action: "Down"</StdOut>
      </Output>
    </UnitTestResult>
    <UnitTestResult executionId="672938ca-313a-497a-bb69-0fcd17e8ed93" testId="b1ade064-66c3-47f0-7fac-7cc3aa04b528" testName="FunctionalTests.JsonDrivenTests.ExecuteIndividualJsonTest" computerName="MARVIJO" duration="00:00:00.0010000" startTime="2025-07-15T18:43:01.6117442+02:00" endTime="2025-07-15T18:43:01.6117443+02:00" testType="13cdc9d9-ddb5-4fa4-a97d-d965ccfc6d4b" outcome="Failed" testListId="8c84fa94-04c1-424b-9868-57a2d4851a1d" relativeResultsDirectory="672938ca-313a-497a-bb69-0fcd17e8ed93">
      <Output>
        <ErrorInfo>
          <Message>System.InvalidOperationException : No data found for FunctionalTests.JsonDrivenTests.ExecuteIndividualJsonTest</Message>
        </ErrorInfo>
      </Output>
    </UnitTestResult>
    <UnitTestResult executionId="3fd5db5a-2dea-4e78-8daf-3eb7d1095096" testId="e99bfb4c-ecf7-310a-95ad-9acf0536867f" testName="FunctionalTests.StandardBotTests.ChaseMorePelletGroups" computerName="MARVIJO" duration="00:00:00.2387401" startTime="2025-07-15T18:43:01.8132311+02:00" endTime="2025-07-15T18:43:01.8132312+02:00" testType="13cdc9d9-ddb5-4fa4-a97d-d965ccfc6d4b" outcome="Failed" testListId="8c84fa94-04c1-424b-9868-57a2d4851a1d" relativeResultsDirectory="3fd5db5a-2dea-4e78-8daf-3eb7d1095096">
      <Output>
        <StdOut>Heuristics instance created with 54 heuristics.&#xD;
Heuristics instance created with 56 heuristics.&#xD;
Loading game state from: c:\dev\2025-Zooscape\FunctionalTests\GameStates\162.json&#xD;
JSON content length: 161345 characters&#xD;
Successfully loaded game state with 4 animals and 2401 cells&#xD;
Testing bot instance: HeuroBotService&#xD;
Testing bot from array: HeuroBotService&#xD;
===== Evaluating Potential Moves for Bot "c7c81748-4768-426e-ad02-7c62a78d22d6" on tick 162 ====&#xD;
=============== Move Scores Summary (Bot: "c7c81748-4768-426e-ad02-7c62a78d22d6") ==============&#xD;
Move ""Left"": 4059.7423&#xD;
Move ""Up"": 4034.3097&#xD;
Move ""Right"": 4020.9043&#xD;
==================== End Summary ====================&#xD;
============== Detailed Heuristic Scores (Bot: "c7c81748-4768-426e-ad02-7c62a78d22d6") ==============&#xD;
VisitPenalty                       : Raw=  0.0000, Weight=-46.7307, Contribution=  0.0000, NewScore=4034.3097&#xD;
-------------------- Scoring Move: "Up" for Animal: "c7c81748-4768-426e-ad02-7c62a78d22d6" at (40,47) --------------------&#xD;
| Heuristic Name                       | Score        | Accumulated Score |&#xD;
|--------------------------------------|--------------|-------------------|&#xD;
| TiebreakersAwareness                 |     2,061.65 |          3,904.22 |&#xD;
| QuadrantAwareness                    |     1,629.55 |          1,661.49 |&#xD;
| ResourceClustering                   |       155.50 |          1,839.94 |&#xD;
| TimeToCapture                        |        98.81 |          4,003.03 |&#xD;
| ZookeeperCooldown                    |        35.29 |          4,034.31 |&#xD;
| WallCollisionRisk                    |       -31.73 |          3,999.02 |&#xD;
| UnoccupiedCellBonus                  |        28.88 |          4,030.75 |&#xD;
| RecalcWindowSafety                   |        22.95 |          1,684.44 |&#xD;
| EdgeSafety                           |        16.16 |             26.76 |&#xD;
| EscapeRoutes                         |         8.46 |             35.22 |&#xD;
| LineOfSightPellets                   |        -5.19 |             30.03 |&#xD;
| AreaControl                          |         5.17 |              6.97 |&#xD;
| PelletRace                           |         5.13 |             31.94 |&#xD;
| PelletEfficiency                     |        -2.80 |             26.81 |&#xD;
| SpawnProximity                       |         2.17 |          1,842.57 |&#xD;
| DistanceToGoal                       |         2.00 |              9.88 |&#xD;
| AnticipateCompetition                |         1.80 |              1.80 |&#xD;
| TimerAwareness                       |        -1.16 |          4,001.87 |&#xD;
| DensityMapping                       |         0.90 |              7.88 |&#xD;
| EdgeAwareness                        |         0.71 |             10.59 |&#xD;
| ScoreLossMinimizer                   |         0.46 |          1,840.40 |&#xD;
| Mobility                             |        -0.45 |             29.58 |&#xD;
| OpponentProximity                    |         0.03 |             29.61 |&#xD;
| CornerControl                        |         0.01 |              6.98 |&#xD;
| CenterDistanceBonus                  |         0.01 |              6.97 |&#xD;
-------------------- Final Score: 4,034.3097 --------------------&#xD;
VisitPenalty                       : Raw=  0.0000, Weight=-46.7307, Contribution=  0.0000, NewScore=4059.7423&#xD;
-------------------- Scoring Move: "Left" for Animal: "c7c81748-4768-426e-ad02-7c62a78d22d6" at (40,47) --------------------&#xD;
| Heuristic Name                       | Score        | Accumulated Score |&#xD;
|--------------------------------------|--------------|-------------------|&#xD;
| TiebreakersAwareness                 |     2,061.65 |          3,897.92 |&#xD;
| QuadrantAwareness                    |     1,629.55 |          1,690.50 |&#xD;
| ResourceClustering                   |       120.19 |          1,833.65 |&#xD;
| TimeToCapture                        |        98.81 |          3,996.73 |&#xD;
| EdgeSafety                           |        46.95 |             55.77 |&#xD;
| ZookeeperCooldown                    |        35.29 |          4,059.74 |&#xD;
| UnoccupiedCellBonus                  |        28.88 |          4,024.45 |&#xD;
| RecalcWindowSafety                   |        22.95 |          1,713.45 |&#xD;
| EscapeRoutes                         |         8.46 |             64.23 |&#xD;
| LineOfSightPellets                   |        -5.19 |             59.04 |&#xD;
| PelletRace                           |         5.13 |             60.95 |&#xD;
| AreaControl                          |         3.93 |              5.13 |&#xD;
| PelletEfficiency                     |        -2.80 |             55.82 |&#xD;
| SpawnProximity                       |         2.17 |          1,836.28 |&#xD;
| DistanceToGoal                       |         2.00 |              7.75 |&#xD;
| AnticipateCompetition                |         1.20 |              1.20 |&#xD;
| TimerAwareness                       |        -1.16 |          3,995.58 |&#xD;
| EdgeAwareness                        |         1.06 |              8.81 |&#xD;
| DensityMapping                       |         0.60 |              5.75 |&#xD;
| ScoreLossMinimizer                   |         0.46 |          1,834.10 |&#xD;
| Mobility                             |        -0.45 |             58.59 |&#xD;
| OpponentProximity                    |         0.03 |             58.62 |&#xD;
| CornerControl                        |         0.01 |              5.15 |&#xD;
| CenterDistanceBonus                  |         0.01 |              5.14 |&#xD;
-------------------- Final Score: 4,059.7423 --------------------&#xD;
VisitPenalty                       : Raw=  0.0000, Weight=-46.7307, Contribution=  0.0000, NewScore=4020.9043&#xD;
-------------------- Scoring Move: "Right" for Animal: "c7c81748-4768-426e-ad02-7c62a78d22d6" at (40,47) --------------------&#xD;
| Heuristic Name                       | Score        | Accumulated Score |&#xD;
|--------------------------------------|--------------|-------------------|&#xD;
| TiebreakersAwareness                 |     2,061.65 |          3,853.60 |&#xD;
| QuadrantAwareness                    |     1,629.55 |          1,695.71 |&#xD;
| TimeToCapture                        |       104.30 |          3,957.90 |&#xD;
| ResourceClustering                   |        70.61 |          1,789.27 |&#xD;
| EdgeSafety                           |        46.95 |             52.05 |&#xD;
| ZookeeperCooldown                    |        35.29 |          4,020.90 |&#xD;
| UnoccupiedCellBonus                  |        28.88 |          3,985.62 |&#xD;
| RecalcWindowSafety                   |        22.95 |          1,718.66 |&#xD;
| EscapeRoutes                         |         8.46 |             58.64 |&#xD;
| PelletRace                           |         5.13 |             66.16 |&#xD;
| AreaControl                          |         3.22 |              4.42 |&#xD;
| PelletEfficiency                     |         2.80 |             61.02 |&#xD;
| SpawnProximity                       |         2.24 |          1,791.95 |&#xD;
| EmptyCellAvoidance                   |        -1.88 |             50.18 |&#xD;
| AnticipateCompetition                |         1.20 |              1.20 |&#xD;
| TimerAwareness                       |        -1.16 |          3,956.74 |&#xD;
| EdgeAwareness                        |         1.06 |              5.10 |&#xD;
| DistanceToGoal                       |        -1.00 |              4.03 |&#xD;
| DensityMapping                       |         0.60 |              5.03 |&#xD;
| Mobility                             |        -0.45 |             58.19 |&#xD;
| ScoreLossMinimizer                   |         0.43 |          1,789.71 |&#xD;
| OpponentProximity                    |         0.03 |             58.22 |&#xD;
| CornerControl                        |         0.01 |              4.43 |&#xD;
| CenterDistanceBonus                  |         0.00 |              4.42 |&#xD;
-------------------- Final Score: 4,020.9043 --------------------&#xD;
================== End Detailed Scores ==================</StdOut>
        <ErrorInfo>
          <Message>Assert.Contains() Failure: Item not found in collection&#xD;
Collection: [Up]&#xD;
Not found:  Left</Message>
          <StackTrace>   at FunctionalTests.DefaultTestValidator.ValidateBotAction(BotAction action, List`1 acceptableActions, Nullable`1 expectedAction) in c:\dev\2025-Zooscape\FunctionalTests\BotTestsBase.cs:line 281&#xD;
   at FunctionalTests.StandardBotTests.TestBotGeneric[T](IBot`1 bot, GameState gameState, TestParams testParams) in c:\dev\2025-Zooscape\FunctionalTests\StandardBotTests.cs:line 105&#xD;
   at FunctionalTests.StandardBotTests.TestBotFromArray(Object bot, GameState gameState, TestParams testParams) in c:\dev\2025-Zooscape\FunctionalTests\StandardBotTests.cs:line 39&#xD;
   at FunctionalTests.BotTestsBase.TestBotsArray(TestParams testParams) in c:\dev\2025-Zooscape\FunctionalTests\BotTestsBase.cs:line 192&#xD;
   at FunctionalTests.StandardBotTests.ChaseMorePelletGroups() in c:\dev\2025-Zooscape\FunctionalTests\StandardBotTests.cs:line 224&#xD;
   at System.RuntimeMethodHandle.InvokeMethod(Object target, Void** arguments, Signature sig, Boolean isConstructor)&#xD;
   at System.Reflection.MethodBaseInvoker.InvokeWithNoArgs(Object obj, BindingFlags invokeAttr)</StackTrace>
        </ErrorInfo>
      </Output>
    </UnitTestResult>
  </Results>
  <TestDefinitions>
    <UnitTest name="FunctionalTests.StandardBotTests.GameState34MovementTest" storage="c:\dev\2025-zooscape\functionaltests\bin\debug\net8.0\functionaltests.dll" id="ec70ef0c-736a-99f3-13a8-7b2f40ba6bc5">
      <Execution id="8a918b96-1642-4399-a4e7-f01ca01a52dc" />
      <TestMethod codeBase="c:\dev\2025-Zooscape\FunctionalTests\bin\Debug\net8.0\FunctionalTests.dll" adapterTypeName="executor://xunit/VsTestRunner2/netcoreapp" className="FunctionalTests.StandardBotTests" name="GameState34MovementTest" />
    </UnitTest>
    <UnitTest name="FunctionalTests.JsonDrivenTests.ExecuteIndividualJsonTest" storage="c:\dev\2025-zooscape\functionaltests\bin\debug\net8.0\functionaltests.dll" id="b1ade064-66c3-47f0-7fac-7cc3aa04b528">
      <Execution id="672938ca-313a-497a-bb69-0fcd17e8ed93" />
      <TestMethod codeBase="c:\dev\2025-Zooscape\FunctionalTests\bin\Debug\net8.0\FunctionalTests.dll" adapterTypeName="executor://xunit/VsTestRunner2/netcoreapp" className="FunctionalTests.JsonDrivenTests" name="ExecuteIndividualJsonTest" />
    </UnitTest>
    <UnitTest name="FunctionalTests.StandardBotTests.GameState34ActionTest" storage="c:\dev\2025-zooscape\functionaltests\bin\debug\net8.0\functionaltests.dll" id="a6d32045-3937-9469-19f5-f52013c7c0bd">
      <Execution id="3832b80f-7229-44b0-aad0-4217e2e9d878" />
      <TestMethod codeBase="c:\dev\2025-Zooscape\FunctionalTests\bin\Debug\net8.0\FunctionalTests.dll" adapterTypeName="executor://xunit/VsTestRunner2/netcoreapp" className="FunctionalTests.StandardBotTests" name="GameState34ActionTest" />
    </UnitTest>
    <UnitTest name="FunctionalTests.StandardBotTests.GameState34TickOverrideTest" storage="c:\dev\2025-zooscape\functionaltests\bin\debug\net8.0\functionaltests.dll" id="37280825-0eed-00ef-680c-bee4837d0aa4">
      <Execution id="ee057ceb-f3dd-4517-85ac-4b60538cf627" />
      <TestMethod codeBase="c:\dev\2025-Zooscape\FunctionalTests\bin\Debug\net8.0\FunctionalTests.dll" adapterTypeName="executor://xunit/VsTestRunner2/netcoreapp" className="FunctionalTests.StandardBotTests" name="GameState34TickOverrideTest" />
    </UnitTest>
    <UnitTest name="FunctionalTests.StandardBotTests.ChaseMorePelletGroups" storage="c:\dev\2025-zooscape\functionaltests\bin\debug\net8.0\functionaltests.dll" id="e99bfb4c-ecf7-310a-95ad-9acf0536867f">
      <Execution id="3fd5db5a-2dea-4e78-8daf-3eb7d1095096" />
      <TestMethod codeBase="c:\dev\2025-Zooscape\FunctionalTests\bin\Debug\net8.0\FunctionalTests.dll" adapterTypeName="executor://xunit/VsTestRunner2/netcoreapp" className="FunctionalTests.StandardBotTests" name="ChaseMorePelletGroups" />
    </UnitTest>
    <UnitTest name="Game State 12: ClingyHeuroBot2 Must Move Down" storage="c:\dev\2025-zooscape\functionaltests\bin\debug\net8.0\functionaltests.dll" id="fb9b73cf-f0bf-ee9b-64ec-07e29f11b63f">
      <Execution id="f37300a6-21d1-449c-93d2-52515e4b2bc4" />
      <TestMethod codeBase="c:\dev\2025-Zooscape\FunctionalTests\bin\Debug\net8.0\FunctionalTests.dll" adapterTypeName="executor://xunit/VsTestRunner2/netcoreapp" className="FunctionalTests.StandardBotTests" name="GameState12ClingyHeuroBot2MustMoveDown" />
    </UnitTest>
    <UnitTest name="FunctionalTests.StandardBotTests.ChaseImmediatePellet_LeftOrDown_EvenWhenChased" storage="c:\dev\2025-zooscape\functionaltests\bin\debug\net8.0\functionaltests.dll" id="8e597bea-f15c-e752-1896-b68f9409956c">
      <Execution id="39bc5617-3e7e-4aea-9260-209db3e0629e" />
      <TestMethod codeBase="c:\dev\2025-Zooscape\FunctionalTests\bin\Debug\net8.0\FunctionalTests.dll" adapterTypeName="executor://xunit/VsTestRunner2/netcoreapp" className="FunctionalTests.StandardBotTests" name="ChaseImmediatePellet_LeftOrDown_EvenWhenChased" />
    </UnitTest>
    <UnitTest name="FunctionalTests.JsonDrivenTests.ExecuteAllJsonDefinedTests" storage="c:\dev\2025-zooscape\functionaltests\bin\debug\net8.0\functionaltests.dll" id="c3e72002-0912-f4b7-bbe1-9eae028bfe36">
      <Execution id="f49c9192-5044-45d2-9ca7-9fda672703c0" />
      <TestMethod codeBase="c:\dev\2025-Zooscape\FunctionalTests\bin\Debug\net8.0\FunctionalTests.dll" adapterTypeName="executor://xunit/VsTestRunner2/netcoreapp" className="FunctionalTests.JsonDrivenTests" name="ExecuteAllJsonDefinedTests" />
    </UnitTest>
    <UnitTest name="FunctionalTests.StandardBotTests.GameState34LoadTest" storage="c:\dev\2025-zooscape\functionaltests\bin\debug\net8.0\functionaltests.dll" id="900943bf-aa2f-d7ac-335c-4b82aae11d06">
      <Execution id="732069aa-aeab-4a20-9491-65b86ea8f6ef" />
      <TestMethod codeBase="c:\dev\2025-Zooscape\FunctionalTests\bin\Debug\net8.0\FunctionalTests.dll" adapterTypeName="executor://xunit/VsTestRunner2/netcoreapp" className="FunctionalTests.StandardBotTests" name="GameState34LoadTest" />
    </UnitTest>
    <UnitTest name="Game State 12: StaticHeuro Must Move Down" storage="c:\dev\2025-zooscape\functionaltests\bin\debug\net8.0\functionaltests.dll" id="85725c7d-c8bf-ba5c-8953-6327a65c617e">
      <Execution id="996c5d8e-5653-463b-a4b9-95bb49ea8c72" />
      <TestMethod codeBase="c:\dev\2025-Zooscape\FunctionalTests\bin\Debug\net8.0\FunctionalTests.dll" adapterTypeName="executor://xunit/VsTestRunner2/netcoreapp" className="FunctionalTests.StandardBotTests" name="GameState12StaticHeuroMustMoveDown" />
    </UnitTest>
  </TestDefinitions>
  <TestEntries>
    <TestEntry testId="85725c7d-c8bf-ba5c-8953-6327a65c617e" executionId="996c5d8e-5653-463b-a4b9-95bb49ea8c72" testListId="8c84fa94-04c1-424b-9868-57a2d4851a1d" />
    <TestEntry testId="37280825-0eed-00ef-680c-bee4837d0aa4" executionId="ee057ceb-f3dd-4517-85ac-4b60538cf627" testListId="8c84fa94-04c1-424b-9868-57a2d4851a1d" />
    <TestEntry testId="a6d32045-3937-9469-19f5-f52013c7c0bd" executionId="3832b80f-7229-44b0-aad0-4217e2e9d878" testListId="8c84fa94-04c1-424b-9868-57a2d4851a1d" />
    <TestEntry testId="c3e72002-0912-f4b7-bbe1-9eae028bfe36" executionId="f49c9192-5044-45d2-9ca7-9fda672703c0" testListId="8c84fa94-04c1-424b-9868-57a2d4851a1d" />
    <TestEntry testId="8e597bea-f15c-e752-1896-b68f9409956c" executionId="39bc5617-3e7e-4aea-9260-209db3e0629e" testListId="8c84fa94-04c1-424b-9868-57a2d4851a1d" />
    <TestEntry testId="ec70ef0c-736a-99f3-13a8-7b2f40ba6bc5" executionId="8a918b96-1642-4399-a4e7-f01ca01a52dc" testListId="8c84fa94-04c1-424b-9868-57a2d4851a1d" />
    <TestEntry testId="900943bf-aa2f-d7ac-335c-4b82aae11d06" executionId="732069aa-aeab-4a20-9491-65b86ea8f6ef" testListId="8c84fa94-04c1-424b-9868-57a2d4851a1d" />
    <TestEntry testId="fb9b73cf-f0bf-ee9b-64ec-07e29f11b63f" executionId="f37300a6-21d1-449c-93d2-52515e4b2bc4" testListId="8c84fa94-04c1-424b-9868-57a2d4851a1d" />
    <TestEntry testId="b1ade064-66c3-47f0-7fac-7cc3aa04b528" executionId="672938ca-313a-497a-bb69-0fcd17e8ed93" testListId="8c84fa94-04c1-424b-9868-57a2d4851a1d" />
    <TestEntry testId="e99bfb4c-ecf7-310a-95ad-9acf0536867f" executionId="3fd5db5a-2dea-4e78-8daf-3eb7d1095096" testListId="8c84fa94-04c1-424b-9868-57a2d4851a1d" />
  </TestEntries>
  <TestLists>
    <TestList name="Results Not in a List" id="8c84fa94-04c1-424b-9868-57a2d4851a1d" />
    <TestList name="All Loaded Results" id="19431567-8539-422a-85d7-44ee4e166bda" />
  </TestLists>
  <ResultSummary outcome="Failed">
    <Counters total="10" executed="10" passed="7" failed="3" error="0" timeout="0" aborted="0" inconclusive="0" passedButRunAborted="0" notRunnable="0" notExecuted="0" disconnected="0" warning="0" completed="0" inProgress="0" pending="0" />
    <Output>
      <StdOut>[xUnit.net 00:00:00.00] xUnit.net VSTest Adapter v2.5.3.1+6b60a9e56a (64-bit .NET 8.0.18)&#xD;
[xUnit.net 00:00:00.05]   Discovering: FunctionalTests&#xD;
[xUnit.net 00:00:00.12]   Discovered:  FunctionalTests&#xD;
[xUnit.net 00:00:00.12]   Starting:    FunctionalTests&#xD;
Error loading static weights: length ('-1') must be a non-negative value. (Parameter 'length')&#xD;
Actual value was -1.&#xD;
[18:43:01 ERR] Failed to load test definitions from TestSchema.json&#xD;
System.InvalidOperationException: Failed to deserialize test definitions from c:\dev\2025-Zooscape\FunctionalTests\TestDefinitions\TestSchema.json: JSON deserialization for type 'FunctionalTests.Models.TestDefinition' was missing required properties, including the following: TestName, GameStateFile, TestType&#xD;
 ---&gt; System.Text.Json.JsonException: JSON deserialization for type 'FunctionalTests.Models.TestDefinition' was missing required properties, including the following: TestName, GameStateFile, TestType&#xD;
   at System.Text.Json.ThrowHelper.ThrowJsonException_JsonRequiredPropertyMissing(JsonTypeInfo parent, BitArray requiredPropertiesSet)&#xD;
   at System.Text.Json.Serialization.Converters.ObjectDefaultConverter`1.OnTryRead(Utf8JsonReader&amp; reader, Type typeToConvert, JsonSerializerOptions options, ReadStack&amp; state, T&amp; value)&#xD;
   at System.Text.Json.Serialization.JsonConverter`1.TryRead(Utf8JsonReader&amp; reader, Type typeToConvert, JsonSerializerOptions options, ReadStack&amp; state, T&amp; value, Boolean&amp; isPopulatedValue)&#xD;
   at System.Text.Json.Serialization.JsonConverter`1.ReadCore(Utf8JsonReader&amp; reader, JsonSerializerOptions options, ReadStack&amp; state)&#xD;
   at System.Text.Json.JsonSerializer.ReadFromSpan[TValue](ReadOnlySpan`1 utf8Json, JsonTypeInfo`1 jsonTypeInfo, Nullable`1 actualByteCount)&#xD;
   at System.Text.Json.JsonSerializer.ReadFromSpan[TValue](ReadOnlySpan`1 json, JsonTypeInfo`1 jsonTypeInfo)&#xD;
   at System.Text.Json.JsonSerializer.Deserialize[TValue](String json, JsonSerializerOptions options)&#xD;
   at FunctionalTests.Services.TestDefinitionLoader.LoadTestDefinitionsFromFile(String filePath) in c:\dev\2025-Zooscape\FunctionalTests\Services\TestDefinitionLoader.cs:line 115&#xD;
   --- End of inner exception stack trace ---&#xD;
   at FunctionalTests.Services.TestDefinitionLoader.LoadTestDefinitionsFromFile(String filePath) in c:\dev\2025-Zooscape\FunctionalTests\Services\TestDefinitionLoader.cs:line 123&#xD;
   at FunctionalTests.Services.TestDefinitionLoader.LoadAllTestDefinitions() in c:\dev\2025-Zooscape\FunctionalTests\Services\TestDefinitionLoader.cs:line 75&#xD;
[18:43:01 INF] Total test definitions loaded: 0&#xD;
[xUnit.net 00:00:00.18]       Assert.NotEmpty() Failure: Collection was empty&#xD;
[xUnit.net 00:00:00.18]       Stack Trace:&#xD;
[xUnit.net 00:00:00.18]         c:\dev\2025-Zooscape\FunctionalTests\JsonDrivenTests.cs(33,0): at FunctionalTests.JsonDrivenTests.ExecuteAllJsonDefinedTests()&#xD;
[xUnit.net 00:00:00.18]            at System.RuntimeMethodHandle.InvokeMethod(Object target, Void** arguments, Signature sig, Boolean isConstructor)&#xD;
info: ClingyHeuroBot2.GeneticAlgorithm.HighScoreTracker[0]&#xD;
      HighScoreTracker initialized with path: c:\dev\2025-Zooscape\FunctionalTests\bin\Debug\net8.0\evolution-data\high-scores.json&#xD;
[xUnit.net 00:00:00.18]            at System.Reflection.MethodBaseInvoker.InvokeWithNoArgs(Object obj, BindingFlags invokeAttr)&#xD;
[xUnit.net 00:00:00.18]       Output:&#xD;
[xUnit.net 00:00:00.18]         Failed to load test definitions from TestSchema.json&#xD;
[xUnit.net 00:00:00.18]         System.InvalidOperationException: Failed to deserialize test definitions from c:\dev\2025-Zooscape\FunctionalTests\TestDefinitions\TestSchema.json: JSON deserialization for type 'FunctionalTests.Models.TestDefinition' was missing required properties, including the following: TestName, GameStateFile, TestType&#xD;
[xUnit.net 00:00:00.18]          ---&gt; System.Text.Json.JsonException: JSON deserialization for type 'FunctionalTests.Models.TestDefinition' was missing required properties, including the following: TestName, GameStateFile, TestType&#xD;
[xUnit.net 00:00:00.18]            at System.Text.Json.ThrowHelper.ThrowJsonException_JsonRequiredPropertyMissing(JsonTypeInfo parent, BitArray requiredPropertiesSet)&#xD;
[xUnit.net 00:00:00.18]            at System.Text.Json.Serialization.Converters.ObjectDefaultConverter`1.OnTryRead(Utf8JsonReader&amp; reader, Type typeToConvert, JsonSerializerOptions options, ReadStack&amp; state, T&amp; value)&#xD;
[xUnit.net 00:00:00.18]            at System.Text.Json.Serialization.JsonConverter`1.TryRead(Utf8JsonReader&amp; reader, Type typeToConvert, JsonSerializerOptions options, ReadStack&amp; state, T&amp; value, Boolean&amp; isPopulatedValue)&#xD;
[xUnit.net 00:00:00.18]            at System.Text.Json.Serialization.JsonConverter`1.ReadCore(Utf8JsonReader&amp; reader, JsonSerializerOptions options, ReadStack&amp; state)&#xD;
[xUnit.net 00:00:00.18]            at System.Text.Json.JsonSerializer.ReadFromSpan[TValue](ReadOnlySpan`1 utf8Json, JsonTypeInfo`1 jsonTypeInfo, Nullable`1 actualByteCount)&#xD;
[xUnit.net 00:00:00.18]            at System.Text.Json.JsonSerializer.ReadFromSpan[TValue](ReadOnlySpan`1 json, JsonTypeInfo`1 jsonTypeInfo)&#xD;
[xUnit.net 00:00:00.18]            at System.Text.Json.JsonSerializer.Deserialize[TValue](String json, JsonSerializerOptions options)&#xD;
[xUnit.net 00:00:00.18]            at FunctionalTests.Services.TestDefinitionLoader.LoadTestDefinitionsFromFile(String filePath) in c:\dev\2025-Zooscape\FunctionalTests\Services\TestDefinitionLoader.cs:line 115&#xD;
[xUnit.net 00:00:00.18]            --- End of inner exception stack trace ---&#xD;
[xUnit.net 00:00:00.18]            at FunctionalTests.Services.TestDefinitionLoader.LoadTestDefinitionsFromFile(String filePath) in c:\dev\2025-Zooscape\FunctionalTests\Services\TestDefinitionLoader.cs:line 123&#xD;
[xUnit.net 00:00:00.18]            at FunctionalTests.Services.TestDefinitionLoader.LoadAllTestDefinitions() in c:\dev\2025-Zooscape\FunctionalTests\Services\TestDefinitionLoader.cs:line 75&#xD;
[xUnit.net 00:00:00.18]         Total test definitions loaded: 0&#xD;
[xUnit.net 00:00:00.19]       System.InvalidOperationException : No data found for FunctionalTests.JsonDrivenTests.ExecuteIndividualJsonTest&#xD;
Initializing evolution system...&#xD;
warn: ClingyHeuroBot2.GeneticAlgorithm.HighScoreTracker[0]&#xD;
      Failed to load high scores: '#' is an invalid start of a value. Path: $ | LineNumber: 0 | BytePositionInLine: 0.&#xD;
info: ClingyHeuroBot2.GeneticAlgorithm.EvolutionaryBotManager[0]&#xD;
[...]
| QuadrantAwareness                    |     1,886.77 |          2,011.86 |&#xD;
| SpawnProximity                       |    -1,517.09 |            562.53 |&#xD;
| TiebreakersAwareness                 |       528.19 |          1,090.72 |&#xD;
| EarlyGameZookeeperAvoidance          |       106.18 |            110.11 |&#xD;
| ResourceClustering                   |        82.38 |          2,074.61 |&#xD;
| UnoccupiedCellBonus                  |        28.88 |          1,117.63 |&#xD;
| ZookeeperPrediction                  |       -22.25 |          1,095.39 |&#xD;
| RecalcWindowSafety                   |       -19.63 |          1,992.23 |&#xD;
| EscapeRoutes                         |         8.46 |            116.96 |&#xD;
| PelletRace                           |         5.13 |            125.09 |&#xD;
| ScoreLossMinimizer                   |         5.01 |          2,079.62 |&#xD;
| AreaControl                          |         4.82 |              6.22 |&#xD;
| PelletEfficiency                     |         2.80 |            119.95 |&#xD;
| CaptureAvoidance                     |        -2.00 |              4.22 |&#xD;
| EmptyCellAvoidance                   |        -1.88 |            108.50 |&#xD;
| TimeToCapture                        |        -1.72 |          1,089.00 |&#xD;
| AnticipateCompetition                |         1.40 |              1.40 |&#xD;
| DistanceToGoal                       |        -1.00 |              3.93 |&#xD;
| DensityMapping                       |         0.70 |              4.93 |&#xD;
| OpponentProximity                    |         0.64 |            117.15 |&#xD;
| Mobility                             |        -0.45 |            116.51 |&#xD;
| EdgeAwareness                        |         0.27 |            110.37 |&#xD;
| TimerAwareness                       |        -0.24 |          1,088.76 |&#xD;
| CenterDistanceBonus                  |         0.01 |              4.22 |&#xD;
| CornerControl                        |         0.00 |              4.23 |&#xD;
-------------------- Final Score: 1,095.3863 --------------------&#xD;
[18:43:01 INF] ================== End Detailed Scores ==================&#xD;
[18:43:01 INF] Bot b957e569-d896-4f63-b22b-e5b1e414698c returned action: Left&#xD;
[18:43:01 INF] Heuristics instance created with 54 heuristics.&#xD;
Using static weights from heuristic-weights.json (evolution disabled)&#xD;
[18:43:01 INF] Heuristics instance created with 56 heuristics.&#xD;
[18:43:01 INF] Loading game state from: c:\dev\2025-Zooscape\FunctionalTests\GameStates\12.json&#xD;
[18:43:01 INF] JSON content length: 72899 characters&#xD;
[18:43:01 INF] Successfully loaded game state with 4 animals and 2601 cells&#xD;
[18:43:01 WRN] Bot ID ab517dd7-c254-4877-81e3-e6ed426c0dd6 not found in game state, using first animal&#xD;
[18:43:01 INF] &#xD;
===== Evaluating Potential Moves for Bot 8b287b0b-eb55-496d-bde4-6ccc4a66e8ae on tick 12 ====&#xD;
[18:43:01 WRN] ZookeeperCooldown: ZookeeperCooldownRecalcInterval is zero. Skipping cooldown bonus calculation to avoid division by zero.&#xD;
Using static weights from heuristic-weights.json (evolution disabled)&#xD;
[18:43:01 WRN] ZookeeperCooldown: ZookeeperCooldownRecalcInterval is zero. Skipping cooldown bonus calculation to avoid division by zero.&#xD;
Using static weights from heuristic-weights.json (evolution disabled)&#xD;
[18:43:01 WRN] ZookeeperCooldown: ZookeeperCooldownRecalcInterval is zero. Skipping cooldown bonus calculation to avoid division by zero.&#xD;
Using static weights from heuristic-weights.json (evolution disabled)&#xD;
[18:43:01 INF] &#xD;
=============== Move Scores Summary (Bot: 8b287b0b-eb55-496d-bde4-6ccc4a66e8ae) ==============&#xD;
[18:43:01 INF]   Move "Down": 446.1605&#xD;
[18:43:01 INF]   Move "Right": 444.2065&#xD;
[18:43:01 INF]   Move "Up": 391.3533&#xD;
[18:43:01 INF] ==================== End Summary ====================&#xD;
[18:43:01 INF] &#xD;
============== Detailed Heuristic Scores (Bot: 8b287b0b-eb55-496d-bde4-6ccc4a66e8ae) ==============&#xD;
[18:43:01 INF]     VisitPenalty                       : Raw=  0.0000, Weight=  0.0000, Contribution=  0.0000, NewScore=391.3533&#xD;
[18:43:01 INF] -------------------- Scoring Move: "Up" for Animal: "8b287b0b-eb55-496d-bde4-6ccc4a66e8ae" at (11,12) --------------------&#xD;
| Heuristic Name                       | Score        | Accumulated Score |&#xD;
|--------------------------------------|--------------|-------------------|&#xD;
| LongTermPelletSeeking                |       378.58 |            391.35 |&#xD;
| AreaControl                          |         6.07 |              7.87 |&#xD;
| CaptureAvoidance                     |         2.00 |              9.87 |&#xD;
| DistanceToGoal                       |         2.00 |             12.78 |&#xD;
| AnticipateCompetition                |         1.80 |              1.80 |&#xD;
| DensityMapping                       |         0.90 |             10.78 |&#xD;
| CenterDistanceBonus                  |         0.01 |              9.87 |&#xD;
| CornerControl                        |         0.00 |              9.88 |&#xD;
-------------------- Final Score: 391.3533 --------------------&#xD;
[18:43:01 INF]     VisitPenalty                       : Raw=  0.0000, Weight=  0.0000, Contribution=  0.0000, NewScore=446.1605&#xD;
[18:43:01 INF] -------------------- Scoring Move: "Down" for Animal: "8b287b0b-eb55-496d-bde4-6ccc4a66e8ae" at (11,12) --------------------&#xD;
| Heuristic Name                       | Score        | Accumulated Score |&#xD;
|--------------------------------------|--------------|-------------------|&#xD;
| LongTermPelletSeeking                |       436.50 |            446.16 |&#xD;
| AreaControl                          |         6.65 |              8.65 |&#xD;
| AnticipateCompetition                |         2.00 |              2.00 |&#xD;
| CaptureAvoidance                     |        -2.00 |              6.65 |&#xD;
| DistanceToGoal                       |         2.00 |              9.66 |&#xD;
| DensityMapping                       |         1.00 |              7.66 |&#xD;
| CenterDistanceBonus                  |         0.01 |              6.66 |&#xD;
| CornerControl                        |         0.00 |              6.66 |&#xD;
-------------------- Final Score: 446.1605 --------------------&#xD;
[18:43:01 INF]     VisitPenalty                       : Raw=  0.0000, Weight=  0.0000, Contribution=  0.0000, NewScore=444.2065&#xD;
[18:43:01 INF] -------------------- Scoring Move: "Right" for Animal: "8b287b0b-eb55-496d-bde4-6ccc4a66e8ae" at (11,12) --------------------&#xD;
| Heuristic Name                       | Score        | Accumulated Score |&#xD;
|--------------------------------------|--------------|-------------------|&#xD;
| LongTermPelletSeeking                |       439.20 |            444.21 |&#xD;
| AreaControl                          |         5.60 |              7.20 |&#xD;
| CaptureAvoidance                     |        -2.00 |              5.20 |&#xD;
| AnticipateCompetition                |         1.60 |              1.60 |&#xD;
| DistanceToGoal                       |        -1.00 |              5.01 |&#xD;
| DensityMapping                       |         0.80 |              6.01 |&#xD;
| CenterDistanceBonus                  |         0.01 |              5.21 |&#xD;
| CornerControl                        |         0.00 |              5.21 |&#xD;
-------------------- Final Score: 444.2065 --------------------&#xD;
[18:43:01 INF] ================== End Detailed Scores ==================&#xD;
[18:43:01 INF] Bot action Down matches expected Down&#xD;
[18:43:01 INF] Bot 8b287b0b-eb55-496d-bde4-6ccc4a66e8ae returned action: Down&#xD;
[18:43:01 INF] Heuristics instance created with 54 heuristics.&#xD;
Using static weights from heuristic-weights.json (evolution disabled)&#xD;
[18:43:01 INF] Heuristics instance created with 56 heuristics.&#xD;
[18:43:01 INF] Loading game state from: c:\dev\2025-Zooscape\FunctionalTests\GameStates\34.json&#xD;
[18:43:01 INF] JSON content length: 67188 characters&#xD;
[18:43:01 INF] Successfully loaded game state with 4 animals and 2401 cells&#xD;
[18:43:01 WRN] Bot ID ba06e2d5-feb5-4ce7-94d2-f79c019b0ef9 not found in game state, using first animal&#xD;
[18:43:01 INF] &#xD;
===== Evaluating Potential Moves for Bot b957e569-d896-4f63-b22b-e5b1e414698c on tick 34 ====&#xD;
[18:43:01 INF] &#xD;
=============== Move Scores Summary (Bot: b957e569-d896-4f63-b22b-e5b1e414698c) ==============&#xD;
[18:43:01 INF]   Move "Left": 1234.8805&#xD;
[18:43:01 INF]   Move "Up": 1205.6599&#xD;
[18:43:01 INF]   Move "Down": 1138.4874&#xD;
[18:43:01 INF]   Move "Right": 1095.3863&#xD;
[18:43:01 INF] ==================== End Summary ====================&#xD;
[18:43:01 INF] &#xD;
============== Detailed Heuristic Scores (Bot: b957e569-d896-4f63-b22b-e5b1e414698c) ==============&#xD;
[18:43:01 INF]     VisitPenalty                       : Raw=  0.0000, Weight=-46.7307, Contribution=  0.0000, NewScore=1205.6599&#xD;
[18:43:01 INF] -------------------- Scoring Move: "Up" for Animal: "b957e569-d896-4f63-b22b-e5b1e414698c" at (6,13) --------------------&#xD;
| Heuristic Name                       | Score        | Accumulated Score |&#xD;
|--------------------------------------|--------------|-------------------|&#xD;
| QuadrantAwareness                    |     1,886.77 |          1,991.75 |&#xD;
| SpawnProximity                       |    -1,446.52 |            645.77 |&#xD;
| TiebreakersAwareness                 |       528.19 |          1,173.96 |&#xD;
| ResourceClustering                   |       107.17 |          2,089.10 |&#xD;
| EarlyGameZookeeperAvoidance          |        82.58 |             94.01 |&#xD;
| UnoccupiedCellBonus                  |        28.88 |          1,210.83 |&#xD;
| RecalcWindowSafety                   |        -9.81 |          1,981.93 |&#xD;
| EscapeRoutes                         |         8.46 |            102.78 |&#xD;
| TimeToCapture                        |         8.23 |          1,182.19 |&#xD;
| AreaControl                          |         5.32 |              6.72 |&#xD;
| ZookeeperPrediction                  |        -5.17 |          1,205.66 |&#xD;
| PelletRace                           |         5.13 |            104.98 |&#xD;
| ScoreLossMinimizer                   |         3.19 |          2,092.29 |&#xD;
| PelletEfficiency                     |        -2.80 |             99.84 |&#xD;
| CaptureAvoidance                     |         2.00 |              8.72 |&#xD;
| DistanceToGoal                       |         2.00 |             11.43 |&#xD;
| AnticipateCompetition                |         1.40 |              1.40 |&#xD;
| DensityMapping                       |         0.70 |              9.43 |&#xD;
| Mobility                             |        -0.45 |            102.33 |&#xD;
| OpponentProximity                    |         0.32 |            102.65 |&#xD;
| EdgeAwareness                        |         0.30 |             94.32 |&#xD;
| TimerAwareness                       |        -0.24 |          1,181.95 |&#xD;
| CenterDistanceBonus                  |         0.01 |              8.72 |&#xD;
| CornerControl                        |         0.01 |              8.73 |&#xD;
-------------------- Final Score: 1,205.6599 --------------------&#xD;
[18:43:01 INF]     VisitPenalty                       : Raw=  0.0000, Weight=-46.7307, Contribution=  0.0000, NewScore=1138.4874&#xD;
[18:43:01 INF] -------------------- Scoring Move: "Down" for Animal: "b957e569-d896-4f63-b22b-e5b1e414698c" at (6,13) --------------------&#xD;
| Heuristic Name                       | Score        | Accumulated Score |&#xD;
|--------------------------------------|--------------|-------------------|&#xD;
| QuadrantAwareness                    |     1,886.77 |          1,946.81 |&#xD;
| SpawnProximity                       |    -1,517.09 |            578.60 |&#xD;
| TiebreakersAwareness                 |       528.19 |          1,106.79 |&#xD;
| ResourceClustering                   |       155.50 |          2,092.49 |&#xD;
| EarlyGameZookeeperAvoidance          |        82.58 |             95.78 |&#xD;
| LineOfSightPellets                   |       -46.70 |             57.84 |&#xD;
| UnoccupiedCellBonus                  |        28.88 |          1,143.65 |&#xD;
| RecalcWindowSafety                   |        -9.81 |          1,936.99 |&#xD;
| EscapeRoutes                         |         8.46 |            104.55 |&#xD;
| TimeToCapture                        |         8.23 |          1,115.02 |&#xD;
| AreaControl                          |         6.48 |              8.28 |&#xD;
| ZookeeperPrediction                  |        -5.17 |          1,138.49 |&#xD;
| PelletRace                           |         5.13 |             60.04 |&#xD;
| ScoreLossMinimizer                   |         3.19 |          2,095.68 |&#xD;
| PelletEfficiency                     |        -2.80 |             54.91 |&#xD;
| CaptureAvoidance                     |         2.00 |             10.28 |&#xD;
| DistanceToGoal                       |         2.00 |             13.19 |&#xD;
| AnticipateCompetition                |         1.80 |              1.80 |&#xD;
| DensityMapping                       |         0.90 |             11.19 |&#xD;
| Mobility                             |        -0.45 |             57.39 |&#xD;
| OpponentProximity                    |         0.32 |             57.71 |&#xD;
| EdgeAwareness                        |         0.30 |             96.08 |&#xD;
| TimerAwareness                       |        -0.24 |          1,114.78 |&#xD;
| CenterDistanceBonus                  |         0.01 |             10.29 |&#xD;
| CornerControl                        |         0.00 |             10.29 |&#xD;
-------------------- Final Score: 1,138.4874 --------------------&#xD;
[18:43:01 INF]     VisitPenalty                       : Raw=  0.0000, Weight=-46.7307, Contribution=  0.0000, NewScore=1234.8805&#xD;
[18:43:01 INF] -------------------- Scoring Move: "Left" for Animal: "b957e569-d896-4f63-b22b-e5b1e414698c" at (6,13) --------------------&#xD;
| Heuristic Name                       | Score        | Accumulated Score |&#xD;
|--------------------------------------|--------------|-------------------|&#xD;
| QuadrantAwareness                    |     1,886.77 |          1,972.64 |&#xD;
| SpawnProximity                       |    -1,446.52 |            674.99 |&#xD;
| TiebreakersAwareness                 |       528.19 |          1,203.18 |&#xD;
| ResourceClustering                   |       155.50 |          2,118.32 |&#xD;
| EarlyGameZookeeperAvoidance          |        82.58 |             95.61 |&#xD;
| UnoccupiedCellBonus                  |        28.88 |          1,240.05 |&#xD;
| LineOfSightPellets                   |       -20.76 |             83.67 |&#xD;
| RecalcWindowSafety                   |        -9.81 |          1,962.83 |&#xD;
| EscapeRoutes                         |         8.46 |            104.43 |&#xD;
| TimeToCapture                        |         8.23 |          1,211.41 |&#xD;
| AreaControl                          |         6.32 |              8.12 |&#xD;
| ZookeeperPrediction                  |        -5.17 |          1,234.88 |&#xD;
| PelletRace                           |         5.13 |             85.87 |&#xD;
| ScoreLossMinimizer                   |         3.19 |          2,121.51 |&#xD;
| PelletEfficiency                     |        -2.80 |             80.74 |&#xD;
| CaptureAvoidance                     |         2.00 |             10.12 |&#xD;
| DistanceToGoal                       |         2.00 |             13.03 |&#xD;
| AnticipateCompetition                |         1.80 |              1.80 |&#xD;
| DensityMapping                       |         0.90 |             11.03 |&#xD;
| Mobility                             |        -0.45 |             83.22 |&#xD;
| EdgeAwareness                        |         0.35 |             95.97 |&#xD;
| OpponentProximity                    |         0.32 |             83.54 |&#xD;
| TimerAwareness                       |        -0.24 |          1,211.17 |&#xD;
| CenterDistanceBonus                  |         0.01 |             10.12 |&#xD;
| CornerControl                        |         0.01 |             10.13 |&#xD;
-------------------- Final Score: 1,234.8805 --------------------&#xD;
[18:43:01 INF]     VisitPenalty                       : Raw=  0.0000, Weight=-46.7307, Contribution=  0.0000, NewScore=1095.3863&#xD;
[18:43:01 INF] -------------------- Scoring Move: "Right" for Animal: "b957e569-d896-4f63-b22b-e5b1e414698c" at (6,13) --------------------&#xD;
| Heuristic Name                       | Score        | Accumulated Score |&#xD;
|--------------------------------------|--------------|-------------------|&#xD;
| QuadrantAwareness                    |     1,886.77 |          2,011.86 |&#xD;
| SpawnProximity                       |    -1,517.09 |            562.53 |&#xD;
| TiebreakersAwareness                 |       528.19 |          1,090.72 |&#xD;
| EarlyGameZookeeperAvoidance          |       106.18 |            110.11 |&#xD;
| ResourceClustering                   |        82.38 |          2,074.61 |&#xD;
| UnoccupiedCellBonus                  |        28.88 |          1,117.63 |&#xD;
| ZookeeperPrediction                  |       -22.25 |          1,095.39 |&#xD;
| RecalcWindowSafety                   |       -19.63 |          1,992.23 |&#xD;
| EscapeRoutes                         |         8.46 |            116.96 |&#xD;
| PelletRace                           |         5.13 |            125.09 |&#xD;
| ScoreLossMinimizer                   |         5.01 |          2,079.62 |&#xD;
| AreaControl                          |         4.82 |              6.22 |&#xD;
| PelletEfficiency                     |         2.80 |            119.95 |&#xD;
| CaptureAvoidance                     |        -2.00 |              4.22 |&#xD;
| EmptyCellAvoidance                   |        -1.88 |            108.50 |&#xD;
| TimeToCapture                        |        -1.72 |          1,089.00 |&#xD;
| AnticipateCompetition                |         1.40 |              1.40 |&#xD;
| DistanceToGoal                       |        -1.00 |              3.93 |&#xD;
| DensityMapping                       |         0.70 |              4.93 |&#xD;
| OpponentProximity                    |         0.64 |            117.15 |&#xD;
| Mobility                             |        -0.45 |            116.51 |&#xD;
| EdgeAwareness                        |         0.27 |            110.37 |&#xD;
| TimerAwareness                       |        -0.24 |          1,088.76 |&#xD;
| CenterDistanceBonus                  |         0.01 |              4.22 |&#xD;
| CornerControl                        |         0.00 |              4.23 |&#xD;
-------------------- Final Score: 1,095.3863 --------------------&#xD;
[18:43:01 INF] ================== End Detailed Scores ==================&#xD;
[18:43:01 INF] Bot b957e569-d896-4f63-b22b-e5b1e414698c returned action: Left&#xD;
[xUnit.net 00:00:00.54]   Finished:    FunctionalTests&#xD;
</StdOut>
    </Output>
    <RunInfos>
      <RunInfo computerName="MARVIJO" outcome="Error" timestamp="2025-07-15T18:43:01.6077276+02:00">
        <Text>[xUnit.net 00:00:00.18]     FunctionalTests.JsonDrivenTests.ExecuteAllJsonDefinedTests [FAIL]</Text>
      </RunInfo>
      <RunInfo computerName="MARVIJO" outcome="Error" timestamp="2025-07-15T18:43:01.6118486+02:00">
        <Text>[xUnit.net 00:00:00.19]     FunctionalTests.JsonDrivenTests.ExecuteIndividualJsonTest [FAIL]</Text>
      </RunInfo>
      <RunInfo computerName="MARVIJO" outcome="Error" timestamp="2025-07-15T18:43:01.8117543+02:00">
        <Text>[xUnit.net 00:00:00.39]     FunctionalTests.StandardBotTests.ChaseMorePelletGroups [FAIL]</Text>
      </RunInfo>
    </RunInfos>
  </ResultSummary>
</TestRun>